#player 1 sent 14 10 12 12 -1 -1
            2            
           2 2           
          2 2 2          
         2 2 2 2         
* * * * * * * * * * * * *
 * * * * * * * * * * * * 
  3 3 * * 3 3 * * * * *  
   3 3 * * 3 3 * * * *   
    * * * * * * * * *    
   * * * * 3 3 * * 3 3   
  * * * * 3 3 * * 3 3 3  
 * * * * * * * * * * * * 
* * * * * * 1 * * * * * *
         1 1 1 1         
          * 1 1          
           1 1           
            1            
600000 600000 2 2 2

#player 2 sent 2 14 4 12 -1 -1
            2            
           2 2           
          2 2 *          
         2 2 2 2         
* * * * * * 2 * * * * * *
 * * * * * * * * * * * * 
  3 3 * * 3 3 * * * * *  
   3 3 * * 3 3 * * * *   
    * * * * * * * * *    
   * * * * 3 3 * * 3 3   
  * * * * 3 3 * * 3 3 3  
 * * * * * * * * * * * * 
* * * * * * 1 * * * * * *
         1 1 1 1         
          * 1 1          
           1 1           
            1            
600000 600000 2 2 1

#player 1 sent 16 12 12 8 -1 -1
            2            
           2 2           
          2 2 *          
         2 2 2 2         
* * * * * * 2 * * * * * *
 * * * * * * * * * * * * 
  3 3 * * 3 3 * * * * *  
   3 3 * * 3 3 * * * *   
    * * * * * * * * *    
   * * * * 3 3 * * 3 3   
  * * * * 3 3 * * 3 3 3  
 * * * * * * * * * * * * 
* * * * 1 * 1 * * * * * *
         1 1 1 1         
          * 1 1          
           1 1           
            *            
600000 600000 2 2 2

#player 2 sent 0 12 4 16 -1 -1
            *            
           2 2           
          2 2 *          
         2 2 2 2         
* * * * * * 2 * 2 * * * *
 * * * * * * * * * * * * 
  3 3 * * 3 3 * * * * *  
   3 3 * * 3 3 * * * *   
    * * * * * * * * *    
   * * * * 3 3 * * 3 3   
  * * * * 3 3 * * 3 3 3  
 * * * * * * * * * * * * 
* * * * 1 * 1 * * * * * *
         1 1 1 1         
          * 1 1          
           1 1           
            *            
600000 600000 2 2 1

#player 1 sent 13 13 9 9 -1 -1
            *            
           2 2           
          2 2 *          
         2 2 2 2         
* * * * * * 2 * 2 * * * *
 * * * * * * * * * * * * 
  3 3 * * 3 3 * * * * *  
   3 3 * * 3 3 * * * *   
    * * * * * * * * *    
   * * * 1 3 3 * * 3 3   
  * * * * 3 3 * * 3 3 3  
 * * * * * * * * * * * * 
* * * * 1 * 1 * * * * * *
         1 1 * 1         
          * 1 1          
           1 1           
            *            
600000 600000 2 2 2

#player 2 sent 3 13 7 9 -1 -1
            *            
           2 2           
          2 2 *          
         2 2 * 2         
* * * * * * 2 * 2 * * * *
 * * * * * * * * * * * * 
  3 3 * * 3 3 * * * * *  
   3 3 * 2 3 3 * * * *   
    * * * * * * * * *    
   * * * 1 3 3 * * 3 3   
  * * * * 3 3 * * 3 3 3  
 * * * * * * * * * * * * 
* * * * 1 * 1 * * * * * *
         1 1 * 1         
          * 1 1          
           1 1           
            *            
600000 600000 2 2 1

#player 1 sent 15 11 11 11 -1 -1
            *            
           2 2           
          2 2 *          
         2 2 * 2         
* * * * * * 2 * 2 * * * *
 * * * * * * * * * * * * 
  3 3 * * 3 3 * * * * *  
   3 3 * 2 3 3 * * * *   
    * * * * * * * * *    
   * * * 1 3 3 * * 3 3   
  * * * * 3 3 * * 3 3 3  
 * * * * * 1 * * * * * * 
* * * * 1 * 1 * * * * * *
         1 1 * 1         
          * 1 1          
           * 1           
            *            
600000 600000 2 2 2

#player 2 sent 1 11 5 11 -1 -1
            *            
           * 2           
          2 2 *          
         2 2 * 2         
* * * * * * 2 * 2 * * * *
 * * * * * 2 * * * * * * 
  3 3 * * 3 3 * * * * *  
   3 3 * 2 3 3 * * * *   
    * * * * * * * * *    
   * * * 1 3 3 * * 3 3   
  * * * * 3 3 * * 3 3 3  
 * * * * * 1 * * * * * * 
* * * * 1 * 1 * * * * * *
         1 1 * 1         
          * 1 1          
           * 1           
            *            
600000 600000 2 2 1

#player 1 sent 14 12 12 6 -1 -1
            *            
           * 2           
          2 2 *          
         2 2 * 2         
* * * * * * 2 * 2 * * * *
 * * * * * 2 * * * * * * 
  3 3 * * 3 3 * * * * *  
   3 3 * 2 3 3 * * * *   
    * * * * * * * * *    
   * * * 1 3 3 * * 3 3   
  * * * * 3 3 * * 3 3 3  
 * * * * * 1 * * * * * * 
* * * 1 1 * 1 * * * * * *
         1 1 * 1         
          * * 1          
           * 1           
            *            
600000 600000 2 2 2

#player 2 sent 2 12 4 10 -1 -1
            *            
           * 2           
          2 * *          
         2 2 * 2         
* * * * * 2 2 * 2 * * * *
 * * * * * 2 * * * * * * 
  3 3 * * 3 3 * * * * *  
   3 3 * 2 3 3 * * * *   
    * * * * * * * * *    
   * * * 1 3 3 * * 3 3   
  * * * * 3 3 * * 3 3 3  
 * * * * * 1 * * * * * * 
* * * 1 1 * 1 * * * * * *
         1 1 * 1         
          * * 1          
           * 1           
            *            
600000 600000 2 2 1

#player 1 sent 14 14 12 16 7 15
            *            
           * 2           
          2 * *          
         2 2 * 2         
* * * * * 2 2 * 2 * * * *
 * * * * * 2 * * * * * * 
  3 3 * * 3 3 * * * * *  
   3 3 * 2 3 3 3 * * *   
    * * * * * * * * *    
   * * * 1 3 3 * * 3 3   
  * * * * 3 3 * * 3 3 3  
 * * * * * 1 * * * * * * 
* * * 1 1 * 1 * 1 * * * *
         1 1 * 1         
          * * *          
           * 1           
            *            
600000 600000 1 2 2

#player 2 sent 2 10 4 8 -1 -1
            *            
           * 2           
          * * *          
         2 2 * 2         
* * * * 2 2 2 * 2 * * * *
 * * * * * 2 * * * * * * 
  3 3 * * 3 3 * * * * *  
   3 3 * 2 3 3 3 * * *   
    * * * * * * * * *    
   * * * 1 3 3 * * 3 3   
  * * * * 3 3 * * 3 3 3  
 * * * * * 1 * * * * * * 
* * * 1 1 * 1 * 1 * * * *
         1 1 * 1         
          * * *          
           * 1           
            *            
600000 600000 1 2 1

#player 1 sent 13 9 11 7 6 8
            *            
           * 2           
          * * *          
         2 2 * 2         
* * * * 2 2 2 * 2 * * * *
 * * * * * 2 * * * * * * 
  3 3 * 3 3 3 * * * * *  
   3 3 * 2 3 3 3 * * *   
    * * * * * * * * *    
   * * * 1 3 3 * * 3 3   
  * * * * 3 3 * * 3 3 3  
 * * * 1 * 1 * * * * * * 
* * * 1 1 * 1 * 1 * * * *
         * 1 * 1         
          * * *          
           * 1           
            *            
600000 600000 0 2 2

#player 2 sent 3 11 7 7 -1 -1
            *            
           * 2           
          * * *          
         2 * * 2         
* * * * 2 2 2 * 2 * * * *
 * * * * * 2 * * * * * * 
  3 3 * 3 3 3 * * * * *  
   3 3 2 2 3 3 3 * * *   
    * * * * * * * * *    
   * * * 1 3 3 * * 3 3   
  * * * * 3 3 * * 3 3 3  
 * * * 1 * 1 * * * * * * 
* * * 1 1 * 1 * 1 * * * *
         * 1 * 1         
          * * *          
           * 1           
            *            
600000 600000 0 2 1

#player 1 sent 12 6 8 10 -1 -1
            *            
           * 2           
          * * *          
         2 * * 2         
* * * * 2 2 2 * 2 * * * *
 * * * * * 2 * * * * * * 
  3 3 * 3 3 3 * * * * *  
   3 3 2 2 3 3 3 * * *   
    * * * 1 * * * * *    
   * * * 1 3 3 * * 3 3   
  * * * * 3 3 * * 3 3 3  
 * * * 1 * 1 * * * * * * 
* * * * 1 * 1 * 1 * * * *
         * 1 * 1         
          * * *          
           * 1           
            *            
600000 600000 0 2 2

#player 2 sent 3 15 5 17 -1 -1
            *            
           * 2           
          * * *          
         2 * * *         
* * * * 2 2 2 * 2 * * * *
 * * * * * 2 * * 2 * * * 
  3 3 * 3 3 3 * * * * *  
   3 3 2 2 3 3 3 * * *   
    * * * 1 * * * * *    
   * * * 1 3 3 * * 3 3   
  * * * * 3 3 * * 3 3 3  
 * * * 1 * 1 * * * * * * 
* * * * 1 * 1 * 1 * * * *
         * 1 * 1         
          * * *          
           * 1           
            *            
600000 600000 0 2 1

#player 1 sent 13 11 11 9 -1 -1
            *            
           * 2           
          * * *          
         2 * * *         
* * * * 2 2 2 * 2 * * * *
 * * * * * 2 * * 2 * * * 
  3 3 * 3 3 3 * * * * *  
   3 3 2 2 3 3 3 * * *   
    * * * 1 * * * * *    
   * * * 1 3 3 * * 3 3   
  * * * * 3 3 * * 3 3 3  
 * * * 1 1 1 * * * * * * 
* * * * 1 * 1 * 1 * * * *
         * * * 1         
          * * *          
           * 1           
            *            
600000 600000 0 2 2

#player 2 sent 4 10 8 14 -1 -1
            *            
           * 2           
          * * *          
         2 * * *         
* * * * 2 * 2 * 2 * * * *
 * * * * * 2 * * 2 * * * 
  3 3 * 3 3 3 * * * * *  
   3 3 2 2 3 3 3 * * *   
    * * * 1 * 2 * * *    
   * * * 1 3 3 * * 3 3   
  * * * * 3 3 * * 3 3 3  
 * * * 1 1 1 * * * * * * 
* * * * 1 * 1 * 1 * * * *
         * * * 1         
          * * *          
           * 1           
            *            
600000 600000 0 2 1

#player 1 sent 13 15 11 17 -1 -1
            *            
           * 2           
          * * *          
         2 * * *         
* * * * 2 * 2 * 2 * * * *
 * * * * * 2 * * 2 * * * 
  3 3 * 3 3 3 * * * * *  
   3 3 2 2 3 3 3 * * *   
    * * * 1 * 2 * * *    
   * * * 1 3 3 * * 3 3   
  * * * * 3 3 * * 3 3 3  
 * * * 1 1 1 * * 1 * * * 
* * * * 1 * 1 * 1 * * * *
         * * * *         
          * * *          
           * 1           
            *            
600000 600000 0 2 2

#player 2 sent 3 9 5 7 -1 -1
            *            
           * 2           
          * * *          
         * * * *         
* * * * 2 * 2 * 2 * * * *
 * * * 2 * 2 * * 2 * * * 
  3 3 * 3 3 3 * * * * *  
   3 3 2 2 3 3 3 * * *   
    * * * 1 * 2 * * *    
   * * * 1 3 3 * * 3 3   
  * * * * 3 3 * * 3 3 3  
 * * * 1 1 1 * * 1 * * * 
* * * * 1 * 1 * 1 * * * *
         * * * *         
          * * *          
           * 1           
            *            
600000 600000 0 2 1

#player 1 sent 12 8 10 6 -1 -1
            *            
           * 2           
          * * *          
         * * * *         
* * * * 2 * 2 * 2 * * * *
 * * * 2 * 2 * * 2 * * * 
  3 3 * 3 3 3 * * * * *  
   3 3 2 2 3 3 3 * * *   
    * * * 1 * 2 * * *    
   * * * 1 3 3 * * 3 3   
  * * 1 * 3 3 * * 3 3 3  
 * * * 1 1 1 * * 1 * * * 
* * * * * * 1 * 1 * * * *
         * * * *         
          * * *          
           * 1           
            *            
600000 600000 0 2 2

#player 2 sent 4 8 10 14 -1 -1
            *            
           * 2           
          * * *          
         * * * *         
* * * * * * 2 * 2 * * * *
 * * * 2 * 2 * * 2 * * * 
  3 3 * 3 3 3 * * * * *  
   3 3 2 2 3 3 3 * * *   
    * * * 1 * 2 * * *    
   * * * 1 3 3 * * 3 3   
  * * 1 * 3 3 2 * 3 3 3  
 * * * 1 1 1 * * 1 * * * 
* * * * * * 1 * 1 * * * *
         * * * *         
          * * *          
           * 1           
            *            
600000 600000 0 2 1

#player 1 sent 11 9 9 7 -1 -1
            *            
           * 2           
          * * *          
         * * * *         
* * * * * * 2 * 2 * * * *
 * * * 2 * 2 * * 2 * * * 
  3 3 * 3 3 3 * * * * *  
   3 3 2 2 3 3 3 * * *   
    * * * 1 * 2 * * *    
   * * 1 1 3 3 * * 3 3   
  * * 1 * 3 3 2 * 3 3 3  
 * * * 1 * 1 * * 1 * * * 
* * * * * * 1 * 1 * * * *
         * * * *         
          * * *          
           * 1           
            *            
600000 600000 0 2 2

#player 2 sent 4 16 6 18 -1 -1
            *            
           * 2           
          * * *          
         * * * *         
* * * * * * 2 * * * * * *
 * * * 2 * 2 * * 2 * * * 
  3 3 * 3 3 3 * * 2 * *  
   3 3 2 2 3 3 3 * * *   
    * * * 1 * 2 * * *    
   * * 1 1 3 3 * * 3 3   
  * * 1 * 3 3 2 * 3 3 3  
 * * * 1 * 1 * * 1 * * * 
* * * * * * 1 * 1 * * * *
         * * * *         
          * * *          
           * 1           
            *            
600000 600000 0 2 1

#player 1 sent 10 6 4 8 -1 -1
            *            
           * 2           
          * * *          
         * * * *         
* * * * 1 * 2 * * * * * *
 * * * 2 * 2 * * 2 * * * 
  3 3 * 3 3 3 * * 2 * *  
   3 3 2 2 3 3 3 * * *   
    * * * 1 * 2 * * *    
   * * 1 1 3 3 * * 3 3   
  * * * * 3 3 2 * 3 3 3  
 * * * 1 * 1 * * 1 * * * 
* * * * * * 1 * 1 * * * *
         * * * *         
          * * *          
           * 1           
            *            
600000 600000 0 2 2

#player 2 sent 5 17 7 19 -1 -1
            *            
           * 2           
          * * *          
         * * * *         
* * * * 1 * 2 * * * * * *
 * * * 2 * 2 * * * * * * 
  3 3 * 3 3 3 * * 2 * *  
   3 3 2 2 3 3 3 * 2 *   
    * * * 1 * 2 * * *    
   * * 1 1 3 3 * * 3 3   
  * * * * 3 3 2 * 3 3 3  
 * * * 1 * 1 * * 1 * * * 
* * * * * * 1 * 1 * * * *
         * * * *         
          * * *          
           * 1           
            *            
600000 600000 0 2 1

#player 1 sent 15 13 14 14 -1 -1
            *            
           * 2           
          * * *          
         * * * *         
* * * * 1 * 2 * * * * * *
 * * * 2 * 2 * * * * * * 
  3 3 * 3 3 3 * * 2 * *  
   3 3 2 2 3 3 3 * 2 *   
    * * * 1 * 2 * * *    
   * * 1 1 3 3 * * 3 3   
  * * * * 3 3 2 * 3 3 3  
 * * * 1 * 1 * * 1 * * * 
* * * * * * 1 * 1 * * * *
         * * * *         
          * * 1          
           * *           
            *            
600000 600000 0 2 2

#player 2 sent 6 18 8 20 -1 -1
            *            
           * 2           
          * * *          
         * * * *         
* * * * 1 * 2 * * * * * *
 * * * 2 * 2 * * * * * * 
  3 3 * 3 3 3 * * * * *  
   3 3 2 2 3 3 3 * 2 *   
    * * * 1 * 2 * * 2    
   * * 1 1 3 3 * * 3 3   
  * * * * 3 3 2 * 3 3 3  
 * * * 1 * 1 * * 1 * * * 
* * * * * * 1 * 1 * * * *
         * * * *         
          * * 1          
           * *           
            *            
600000 600000 0 2 1

#player 1 sent 14 14 13 15 -1 -1
            *            
           * 2           
          * * *          
         * * * *         
* * * * 1 * 2 * * * * * *
 * * * 2 * 2 * * * * * * 
  3 3 * 3 3 3 * * * * *  
   3 3 2 2 3 3 3 * 2 *   
    * * * 1 * 2 * * 2    
   * * 1 1 3 3 * * 3 3   
  * * * * 3 3 2 * 3 3 3  
 * * * 1 * 1 * * 1 * * * 
* * * * * * 1 * 1 * * * *
         * * * 1         
          * * *          
           * *           
            *            
600000 600000 0 2 2

#player 2 sent 10 14 12 8 -1 -1
            *            
           * 2           
          * * *          
         * * * *         
* * * * 1 * 2 * * * * * *
 * * * 2 * 2 * * * * * * 
  3 3 * 3 3 3 * * * * *  
   3 3 2 2 3 3 3 * 2 *   
    * * * 1 * 2 * * 2    
   * * 1 1 3 3 * * 3 3   
  * * * * 3 3 * * 3 3 3  
 * * * 1 * 1 * * 1 * * * 
* * * * 2 * 1 * 1 * * * *
         * * * 1         
          * * *          
           * *           
            *            
600000 600000 0 2 1

#player 1 sent 13 15 12 14 -1 -1
            *            
           * 2           
          * * *          
         * * * *         
* * * * 1 * 2 * * * * * *
 * * * 2 * 2 * * * * * * 
  3 3 * 3 3 3 * * * * *  
   3 3 2 2 3 3 3 * 2 *   
    * * * 1 * 2 * * 2    
   * * 1 1 3 3 * * 3 3   
  * * * * 3 3 * * 3 3 3  
 * * * 1 * 1 * * 1 * * * 
* * * * 2 * 1 1 1 * * * *
         * * * *         
          * * *          
           * *           
            *            
600000 600000 0 2 2

#player 2 sent 1 13 2 12 -1 -1
            *            
           * *           
          * 2 *          
         * * * *         
* * * * 1 * 2 * * * * * *
 * * * 2 * 2 * * * * * * 
  3 3 * 3 3 3 * * * * *  
   3 3 2 2 3 3 3 * 2 *   
    * * * 1 * 2 * * 2    
   * * 1 1 3 3 * * 3 3   
  * * * * 3 3 * * 3 3 3  
 * * * 1 * 1 * * 1 * * * 
* * * * 2 * 1 1 1 * * * *
         * * * *         
          * * *          
           * *           
            *            
600000 600000 0 2 1

#player 1 sent 12 14 8 6 -1 -1
            *            
           * *           
          * 2 *          
         * * * *         
* * * * 1 * 2 * * * * * *
 * * * 2 * 2 * * * * * * 
  3 3 * 3 3 3 * * * * *  
   3 3 2 2 3 3 3 * 2 *   
    * 1 * 1 * 2 * * 2    
   * * 1 1 3 3 * * 3 3   
  * * * * 3 3 * * 3 3 3  
 * * * 1 * 1 * * 1 * * * 
* * * * 2 * 1 * 1 * * * *
         * * * *         
          * * *          
           * *           
            *            
600000 600000 0 2 2

#player 2 sent 7 7 9 5 -1 -1
            *            
           * *           
          * 2 *          
         * * * *         
* * * * 1 * 2 * * * * * *
 * * * 2 * 2 * * * * * * 
  3 3 * 3 3 3 * * * * *  
   3 3 * 2 3 3 3 * 2 *   
    * 1 * 1 * 2 * * 2    
   * 2 1 1 3 3 * * 3 3   
  * * * * 3 3 * * 3 3 3  
 * * * 1 * 1 * * 1 * * * 
* * * * 2 * 1 * 1 * * * *
         * * * *         
          * * *          
           * *           
            *            
600000 600000 0 2 1

#player 1 sent 12 12 11 13 -1 -1
            *            
           * *           
          * 2 *          
         * * * *         
* * * * 1 * 2 * * * * * *
 * * * 2 * 2 * * * * * * 
  3 3 * 3 3 3 * * * * *  
   3 3 * 2 3 3 3 * 2 *   
    * 1 * 1 * 2 * * 2    
   * 2 1 1 3 3 * * 3 3   
  * * * * 3 3 * * 3 3 3  
 * * * 1 * 1 1 * 1 * * * 
* * * * 2 * * * 1 * * * *
         * * * *         
          * * *          
           * *           
            *            
600000 600000 0 2 2

#player 2 sent 2 12 3 11 -1 -1
            *            
           * *           
          * * *          
         * 2 * *         
* * * * 1 * 2 * * * * * *
 * * * 2 * 2 * * * * * * 
  3 3 * 3 3 3 * * * * *  
   3 3 * 2 3 3 3 * 2 *   
    * 1 * 1 * 2 * * 2    
   * 2 1 1 3 3 * * 3 3   
  * * * * 3 3 * * 3 3 3  
 * * * 1 * 1 1 * 1 * * * 
* * * * 2 * * * 1 * * * *
         * * * *         
          * * *          
           * *           
            *            
600000 600000 0 2 1

#player 1 sent 11 11 9 17 -1 -1
            *            
           * *           
          * * *          
         * 2 * *         
* * * * 1 * 2 * * * * * *
 * * * 2 * 2 * * * * * * 
  3 3 * 3 3 3 * * * * *  
   3 3 * 2 3 3 3 * 2 *   
    * 1 * 1 * 2 * * 2    
   * 2 1 1 3 3 * 1 3 3   
  * * * * 3 3 * * 3 3 3  
 * * * 1 * * 1 * 1 * * * 
* * * * 2 * * * 1 * * * *
         * * * *         
          * * *          
           * *           
            *            
600000 600000 0 2 2

#player 2 sent 3 11 7 7 -1 -1
            *            
           * *           
          * * *          
         * * * *         
* * * * 1 * 2 * * * * * *
 * * * 2 * 2 * * * * * * 
  3 3 * 3 3 3 * * * * *  
   3 3 2 2 3 3 3 * 2 *   
    * 1 * 1 * 2 * * 2    
   * 2 1 1 3 3 * 1 3 3   
  * * * * 3 3 * * 3 3 3  
 * * * 1 * * 1 * 1 * * * 
* * * * 2 * * * 1 * * * *
         * * * *         
          * * *          
           * *           
            *            
600000 600000 0 2 1

#player 1 sent 12 16 11 15 -1 -1
            *            
           * *           
          * * *          
         * * * *         
* * * * 1 * 2 * * * * * *
 * * * 2 * 2 * * * * * * 
  3 3 * 3 3 3 * * * * *  
   3 3 2 2 3 3 3 * 2 *   
    * 1 * 1 * 2 * * 2    
   * 2 1 1 3 3 * 1 3 3   
  * * * * 3 3 * * 3 3 3  
 * * * 1 * * 1 1 1 * * * 
* * * * 2 * * * * * * * *
         * * * *         
          * * *          
           * *           
            *            
600000 600000 0 2 2

#player 2 sent 4 12 5 13 -1 -1
            *            
           * *           
          * * *          
         * * * *         
* * * * 1 * * * * * * * *
 * * * 2 * 2 2 * * * * * 
  3 3 * 3 3 3 * * * * *  
   3 3 2 2 3 3 3 * 2 *   
    * 1 * 1 * 2 * * 2    
   * 2 1 1 3 3 * 1 3 3   
  * * * * 3 3 * * 3 3 3  
 * * * 1 * * 1 1 1 * * * 
* * * * 2 * * * * * * * *
         * * * *         
          * * *          
           * *           
            *            
600000 600000 0 2 1

#player 1 sent 11 17 10 16 -1 -1
            *            
           * *           
          * * *          
         * * * *         
* * * * 1 * * * * * * * *
 * * * 2 * 2 2 * * * * * 
  3 3 * 3 3 3 * * * * *  
   3 3 2 2 3 3 3 * 2 *   
    * 1 * 1 * 2 * * 2    
   * 2 1 1 3 3 * 1 3 3   
  * * * * 3 3 * 1 3 3 3  
 * * * 1 * * 1 1 * * * * 
* * * * 2 * * * * * * * *
         * * * *         
          * * *          
           * *           
            *            
600000 600000 0 2 2

#player 2 sent 5 13 6 14 -1 -1
            *            
           * *           
          * * *          
         * * * *         
* * * * 1 * * * * * * * *
 * * * 2 * 2 * * * * * * 
  3 3 * 3 3 3 2 * * * *  
   3 3 2 2 3 3 3 * 2 *   
    * 1 * 1 * 2 * * 2    
   * 2 1 1 3 3 * 1 3 3   
  * * * * 3 3 * 1 3 3 3  
 * * * 1 * * 1 1 * * * * 
* * * * 2 * * * * * * * *
         * * * *         
          * * *          
           * *           
            *            
600000 600000 0 2 1

#player 1 sent 10 16 6 20 -1 -1
            *            
           * *           
          * * *          
         * * * *         
* * * * 1 * * * * * * * *
 * * * 2 * 2 * * * * * * 
  3 3 * 3 3 3 2 * * 1 *  
   3 3 2 2 3 3 3 * 2 *   
    * 1 * 1 * 2 * * 2    
   * 2 1 1 3 3 * 1 3 3   
  * * * * 3 3 * * 3 3 3  
 * * * 1 * * 1 1 * * * * 
* * * * 2 * * * * * * * *
         * * * *         
          * * *          
           * *           
            *            
600000 600000 0 2 2

#player 2 sent 6 14 12 12 -1 -1
            *            
           * *           
          * * *          
         * * * *         
* * * * 1 * * * * * * * *
 * * * 2 * 2 * * * * * * 
  3 3 * 3 3 3 * * * 1 *  
   3 3 2 2 3 3 3 * 2 *   
    * 1 * 1 * 2 * * 2    
   * 2 1 1 3 3 * 1 3 3   
  * * * * 3 3 * * 3 3 3  
 * * * 1 * * 1 1 * * * * 
* * * * 2 * 2 * * * * * *
         * * * *         
          * * *          
           * *           
            *            
600000 600000 0 2 1

#player 1 sent 11 7 10 6 -1 -1
            *            
           * *           
          * * *          
         * * * *         
* * * * 1 * * * * * * * *
 * * * 2 * 2 * * * * * * 
  3 3 * 3 3 3 * * * 1 *  
   3 3 2 2 3 3 3 * 2 *   
    * 1 * 1 * 2 * * 2    
   * 2 1 1 3 3 * 1 3 3   
  * * 1 * 3 3 * * 3 3 3  
 * * * * * * 1 1 * * * * 
* * * * 2 * 2 * * * * * *
         * * * *         
          * * *          
           * *           
            *            
600000 600000 0 2 2

#player 2 sent 9 5 13 9 -1 -1
            *            
           * *           
          * * *          
         * * * *         
* * * * 1 * * * * * * * *
 * * * 2 * 2 * * * * * * 
  3 3 * 3 3 3 * * * 1 *  
   3 3 2 2 3 3 3 * 2 *   
    * 1 * 1 * 2 * * 2    
   * * 1 1 3 3 * 1 3 3   
  * * 1 * 3 3 * * 3 3 3  
 * * * * * * 1 1 * * * * 
* * * * 2 * 2 * * * * * *
         2 * * *         
          * * *          
           * *           
            *            
600000 600000 0 2 1

#player 1 sent 10 6 6 14 -1 -1
            *            
           * *           
          * * *          
         * * * *         
* * * * 1 * * * * * * * *
 * * * 2 * 2 * * * * * * 
  3 3 * 3 3 3 1 * * 1 *  
   3 3 2 2 3 3 3 * 2 *   
    * 1 * 1 * 2 * * 2    
   * * 1 1 3 3 * 1 3 3   
  * * * * 3 3 * * 3 3 3  
 * * * * * * 1 1 * * * * 
* * * * 2 * 2 * * * * * *
         2 * * *         
          * * *          
           * *           
            *            
600000 600000 0 2 2

#player 2 sent 7 7 9 5 -1 -1
            *            
           * *           
          * * *          
         * * * *         
* * * * 1 * * * * * * * *
 * * * 2 * 2 * * * * * * 
  3 3 * 3 3 3 1 * * 1 *  
   3 3 * 2 3 3 3 * 2 *   
    * 1 * 1 * 2 * * 2    
   * 2 1 1 3 3 * 1 3 3   
  * * * * 3 3 * * 3 3 3  
 * * * * * * 1 1 * * * * 
* * * * 2 * 2 * * * * * *
         2 * * *         
          * * *          
           * *           
            *            
600000 600000 0 2 1

#player 1 sent 11 15 10 16 -1 -1
            *            
           * *           
          * * *          
         * * * *         
* * * * 1 * * * * * * * *
 * * * 2 * 2 * * * * * * 
  3 3 * 3 3 3 1 * * 1 *  
   3 3 * 2 3 3 3 * 2 *   
    * 1 * 1 * 2 * * 2    
   * 2 1 1 3 3 * 1 3 3   
  * * * * 3 3 * 1 3 3 3  
 * * * * * * 1 * * * * * 
* * * * 2 * 2 * * * * * *
         2 * * *         
          * * *          
           * *           
            *            
600000 600000 0 2 2

#player 2 sent 12 8 14 10 -1 -1
            *            
           * *           
          * * *          
         * * * *         
* * * * 1 * * * * * * * *
 * * * 2 * 2 * * * * * * 
  3 3 * 3 3 3 1 * * 1 *  
   3 3 * 2 3 3 3 * 2 *   
    * 1 * 1 * 2 * * 2    
   * 2 1 1 3 3 * 1 3 3   
  * * * * 3 3 * 1 3 3 3  
 * * * * * * 1 * * * * * 
* * * * * * 2 * * * * * *
         2 * * *         
          2 * *          
           * *           
            *            
600000 600000 0 2 1

#player 1 sent 10 16 8 18 -1 -1
            *            
           * *           
          * * *          
         * * * *         
* * * * 1 * * * * * * * *
 * * * 2 * 2 * * * * * * 
  3 3 * 3 3 3 1 * * 1 *  
   3 3 * 2 3 3 3 * 2 *   
    * 1 * 1 * 2 * 1 2    
   * 2 1 1 3 3 * 1 3 3   
  * * * * 3 3 * * 3 3 3  
 * * * * * * 1 * * * * * 
* * * * * * 2 * * * * * *
         2 * * *         
          2 * *          
           * *           
            *            
600000 600000 0 2 2

#player 2 sent 8 20 10 14 -1 -1
            *            
           * *           
          * * *          
         * * * *         
* * * * 1 * * * * * * * *
 * * * 2 * 2 * * * * * * 
  3 3 * 3 3 3 1 * * 1 *  
   3 3 * 2 3 3 3 * 2 *   
    * 1 * 1 * 2 * 1 *    
   * 2 1 1 3 3 * 1 3 3   
  * * * * 3 3 2 * 3 3 3  
 * * * * * * 1 * * * * * 
* * * * * * 2 * * * * * *
         2 * * *         
          2 * *          
           * *           
            *            
600000 600000 0 2 1

#player 1 sent 11 13 9 15 -1 -1
            *            
           * *           
          * * *          
         * * * *         
* * * * 1 * * * * * * * *
 * * * 2 * 2 * * * * * * 
  3 3 * 3 3 3 1 * * 1 *  
   3 3 * 2 3 3 3 * 2 *   
    * 1 * 1 * 2 * 1 *    
   * 2 1 1 3 3 1 1 3 3   
  * * * * 3 3 2 * 3 3 3  
 * * * * * * * * * * * * 
* * * * * * 2 * * * * * *
         2 * * *         
          2 * *          
           * *           
            *            
600000 600000 0 2 2

#player 2 sent 8 14 10 16 -1 -1
            *            
           * *           
          * * *          
         * * * *         
* * * * 1 * * * * * * * *
 * * * 2 * 2 * * * * * * 
  3 3 * 3 3 3 1 * * 1 *  
   3 3 * 2 3 3 3 * 2 *   
    * 1 * 1 * * * 1 *    
   * 2 1 1 3 3 1 1 3 3   
  * * * * 3 3 2 2 3 3 3  
 * * * * * * * * * * * * 
* * * * * * 2 * * * * * *
         2 * * *         
          2 * *          
           * *           
            *            
600000 600000 0 2 1

#player 1 sent 9 7 8 8 -1 -1
            *            
           * *           
          * * *          
         * * * *         
* * * * 1 * * * * * * * *
 * * * 2 * 2 * * * * * * 
  3 3 * 3 3 3 1 * * 1 *  
   3 3 * 2 3 3 3 * 2 *   
    * 1 1 1 * * * 1 *    
   * 2 * 1 3 3 1 1 3 3   
  * * * * 3 3 2 2 3 3 3  
 * * * * * * * * * * * * 
* * * * * * 2 * * * * * *
         2 * * *         
          2 * *          
           * *           
            *            
600000 600000 0 2 2

#player 2 sent 7 9 9 7 -1 -1
            *            
           * *           
          * * *          
         * * * *         
* * * * 1 * * * * * * * *
 * * * 2 * 2 * * * * * * 
  3 3 * 3 3 3 1 * * 1 *  
   3 3 * * 3 3 3 * 2 *   
    * 1 1 1 * * * 1 *    
   * 2 2 1 3 3 1 1 3 3   
  * * * * 3 3 2 2 3 3 3  
 * * * * * * * * * * * * 
* * * * * * 2 * * * * * *
         2 * * *         
          2 * *          
           * *           
            *            
600000 600000 0 2 1

#player 1 sent 9 9 5 9 -1 -1
            *            
           * *           
          * * *          
         * * * *         
* * * * 1 * * * * * * * *
 * * * 2 1 2 * * * * * * 
  3 3 * 3 3 3 1 * * 1 *  
   3 3 * * 3 3 3 * 2 *   
    * 1 1 1 * * * 1 *    
   * 2 2 * 3 3 1 1 3 3   
  * * * * 3 3 2 2 3 3 3  
 * * * * * * * * * * * * 
* * * * * * 2 * * * * * *
         2 * * *         
          2 * *          
           * *           
            *            
600000 600000 0 2 2

#player 2 sent 9 5 13 13 -1 -1
            *            
           * *           
          * * *          
         * * * *         
* * * * 1 * * * * * * * *
 * * * 2 1 2 * * * * * * 
  3 3 * 3 3 3 1 * * 1 *  
   3 3 * * 3 3 3 * 2 *   
    * 1 1 1 * * * 1 *    
   * * 2 * 3 3 1 1 3 3   
  * * * * 3 3 2 2 3 3 3  
 * * * * * * * * * * * * 
* * * * * * 2 * * * * * *
         2 * 2 *         
          2 * *          
           * *           
            *            
600000 600000 0 2 1

#player 1 sent 8 8 6 6 -1 -1
            *            
           * *           
          * * *          
         * * * *         
* * * * 1 * * * * * * * *
 * * * 2 1 2 * * * * * * 
  3 3 1 3 3 3 1 * * 1 *  
   3 3 * * 3 3 3 * 2 *   
    * 1 * 1 * * * 1 *    
   * * 2 * 3 3 1 1 3 3   
  * * * * 3 3 2 2 3 3 3  
 * * * * * * * * * * * * 
* * * * * * 2 * * * * * *
         2 * 2 *         
          2 * *          
           * *           
            *            
600000 600000 0 2 2

#player 2 sent 5 7 7 9 -1 -1
            *            
           * *           
          * * *          
         * * * *         
* * * * 1 * * * * * * * *
 * * * * 1 2 * * * * * * 
  3 3 1 3 3 3 1 * * 1 *  
   3 3 * 2 3 3 3 * 2 *   
    * 1 * 1 * * * 1 *    
   * * 2 * 3 3 1 1 3 3   
  * * * * 3 3 2 2 3 3 3  
 * * * * * * * * * * * * 
* * * * * * 2 * * * * * *
         2 * 2 *         
          2 * *          
           * *           
            *            
600000 600000 0 2 1

#player 1 sent 9 15 8 14 -1 -1
            *            
           * *           
          * * *          
         * * * *         
* * * * 1 * * * * * * * *
 * * * * 1 2 * * * * * * 
  3 3 1 3 3 3 1 * * 1 *  
   3 3 * 2 3 3 3 * 2 *   
    * 1 * 1 * 1 * 1 *    
   * * 2 * 3 3 * 1 3 3   
  * * * * 3 3 2 2 3 3 3  
 * * * * * * * * * * * * 
* * * * * * 2 * * * * * *
         2 * 2 *         
          2 * *          
           * *           
            *            
600000 600000 0 2 2

#player 2 sent 12 12 14 14 -1 -1
            *            
           * *           
          * * *          
         * * * *         
* * * * 1 * * * * * * * *
 * * * * 1 2 * * * * * * 
  3 3 1 3 3 3 1 * * 1 *  
   3 3 * 2 3 3 3 * 2 *   
    * 1 * 1 * 1 * 1 *    
   * * 2 * 3 3 * 1 3 3   
  * * * * 3 3 2 2 3 3 3  
 * * * * * * * * * * * * 
* * * * * * * * * * * * *
         2 * 2 *         
          2 * 2          
           * *           
            *            
600000 600000 0 2 1

#player 1 sent 8 14 6 16 -1 -1
            *            
           * *           
          * * *          
         * * * *         
* * * * 1 * * * * * * * *
 * * * * 1 2 * * * * * * 
  3 3 1 3 3 3 1 1 * 1 *  
   3 3 * 2 3 3 3 * 2 *   
    * 1 * 1 * * * 1 *    
   * * 2 * 3 3 * 1 3 3   
  * * * * 3 3 2 2 3 3 3  
 * * * * * * * * * * * * 
* * * * * * * * * * * * *
         2 * 2 *         
          2 * 2          
           * *           
            *            
600000 600000 0 2 2

#player 2 sent 13 9 15 11 -1 -1
            *            
           * *           
          * * *          
         * * * *         
* * * * 1 * * * * * * * *
 * * * * 1 2 * * * * * * 
  3 3 1 3 3 3 1 1 * 1 *  
   3 3 * 2 3 3 3 * 2 *   
    * 1 * 1 * * * 1 *    
   * * 2 * 3 3 * 1 3 3   
  * * * * 3 3 2 2 3 3 3  
 * * * * * * * * * * * * 
* * * * * * * * * * * * *
         * * 2 *         
          2 * 2          
           2 *           
            *            
600000 600000 0 2 1

#player 1 sent 9 17 8 16 -1 -1
            *            
           * *           
          * * *          
         * * * *         
* * * * 1 * * * * * * * *
 * * * * 1 2 * * * * * * 
  3 3 1 3 3 3 1 1 * 1 *  
   3 3 * 2 3 3 3 * 2 *   
    * 1 * 1 * * 1 1 *    
   * * 2 * 3 3 * * 3 3   
  * * * * 3 3 2 2 3 3 3  
 * * * * * * * * * * * * 
* * * * * * * * * * * * *
         * * 2 *         
          2 * 2          
           2 *           
            *            
600000 600000 0 2 2

#player 2 sent 7 19 11 15 -1 -1
            *            
           * *           
          * * *          
         * * * *         
* * * * 1 * * * * * * * *
 * * * * 1 2 * * * * * * 
  3 3 1 3 3 3 1 1 * 1 *  
   3 3 * 2 3 3 3 * * *   
    * 1 * 1 * * 1 1 *    
   * * 2 * 3 3 * * 3 3   
  * * * * 3 3 2 2 3 3 3  
 * * * * * * * 2 * * * * 
* * * * * * * * * * * * *
         * * 2 *         
          2 * 2          
           2 *           
            *            
600000 600000 0 2 1

#player 1 sent 8 6 7 7 -1 -1
            *            
           * *           
          * * *          
         * * * *         
* * * * 1 * * * * * * * *
 * * * * 1 2 * * * * * * 
  3 3 1 3 3 3 1 1 * 1 *  
   3 3 1 2 3 3 3 * * *   
    * * * 1 * * 1 1 *    
   * * 2 * 3 3 * * 3 3   
  * * * * 3 3 2 2 3 3 3  
 * * * * * * * 2 * * * * 
* * * * * * * * * * * * *
         * * 2 *         
          2 * 2          
           2 *           
            *            
600000 600000 0 2 2

#player 2 sent 10 16 14 12 -1 -1
            *            
           * *           
          * * *          
         * * * *         
* * * * 1 * * * * * * * *
 * * * * 1 2 * * * * * * 
  3 3 1 3 3 3 1 1 * 1 *  
   3 3 1 2 3 3 3 * * *   
    * * * 1 * * 1 1 *    
   * * 2 * 3 3 * * 3 3   
  * * * * 3 3 2 * 3 3 3  
 * * * * * * * 2 * * * * 
* * * * * * * * * * * * *
         * * 2 *         
          2 2 2          
           2 *           
            *            
600000 600000 0 2 1

#player 1 sent 8 18 7 19 -1 -1
            *            
           * *           
          * * *          
         * * * *         
* * * * 1 * * * * * * * *
 * * * * 1 2 * * * * * * 
  3 3 1 3 3 3 1 1 * 1 *  
   3 3 1 2 3 3 3 * 1 *   
    * * * 1 * * 1 * *    
   * * 2 * 3 3 * * 3 3   
  * * * * 3 3 2 * 3 3 3  
 * * * * * * * 2 * * * * 
* * * * * * * * * * * * *
         * * 2 *         
          2 2 2          
           2 *           
            *            
600000 600000 0 2 2

#player 2 sent 10 14 12 16 -1 -1
            *            
           * *           
          * * *          
         * * * *         
* * * * 1 * * * * * * * *
 * * * * 1 2 * * * * * * 
  3 3 1 3 3 3 1 1 * 1 *  
   3 3 1 2 3 3 3 * 1 *   
    * * * 1 * * 1 * *    
   * * 2 * 3 3 * * 3 3   
  * * * * 3 3 * * 3 3 3  
 * * * * * * * 2 * * * * 
* * * * * * * * 2 * * * *
         * * 2 *         
          2 2 2          
           2 *           
            *            
600000 600000 0 2 1

#player 1 sent 8 16 7 17 -1 -1
            *            
           * *           
          * * *          
         * * * *         
* * * * 1 * * * * * * * *
 * * * * 1 2 * * * * * * 
  3 3 1 3 3 3 1 1 * 1 *  
   3 3 1 2 3 3 3 1 1 *   
    * * * 1 * * * * *    
   * * 2 * 3 3 * * 3 3   
  * * * * 3 3 * * 3 3 3  
 * * * * * * * 2 * * * * 
* * * * * * * * 2 * * * *
         * * 2 *         
          2 2 2          
           2 *           
            *            
600000 600000 0 2 2

#player 2 sent 14 10 16 12 -1 -1
            *            
           * *           
          * * *          
         * * * *         
* * * * 1 * * * * * * * *
 * * * * 1 2 * * * * * * 
  3 3 1 3 3 3 1 1 * 1 *  
   3 3 1 2 3 3 3 1 1 *   
    * * * 1 * * * * *    
   * * 2 * 3 3 * * 3 3   
  * * * * 3 3 * * 3 3 3  
 * * * * * * * 2 * * * * 
* * * * * * * * 2 * * * *
         * * 2 *         
          * 2 2          
           2 *           
            2            
600000 600000 0 2 1

#player 1 sent 7 17 5 15 -1 -1
            *            
           * *           
          * * *          
         * * * *         
* * * * 1 * * * * * * * *
 * * * * 1 2 * 1 * * * * 
  3 3 1 3 3 3 1 1 * 1 *  
   3 3 1 2 3 3 3 * 1 *   
    * * * 1 * * * * *    
   * * 2 * 3 3 * * 3 3   
  * * * * 3 3 * * 3 3 3  
 * * * * * * * 2 * * * * 
* * * * * * * * 2 * * * *
         * * 2 *         
          * 2 2          
           2 *           
            2            
600000 600000 0 2 2

#player 2 sent 7 9 8 8 -1 -1
            *            
           * *           
          * * *          
         * * * *         
* * * * 1 * * * * * * * *
 * * * * 1 2 * 1 * * * * 
  3 3 1 3 3 3 1 1 * 1 *  
   3 3 1 * 3 3 3 * 1 *   
    * * 2 1 * * * * *    
   * * 2 * 3 3 * * 3 3   
  * * * * 3 3 * * 3 3 3  
 * * * * * * * 2 * * * * 
* * * * * * * * 2 * * * *
         * * 2 *         
          * 2 2          
           2 *           
            2            
600000 600000 0 2 1

#player 1 sent 6 14 4 16 -1 -1
            *            
           * *           
          * * *          
         * * * *         
* * * * 1 * * * 1 * * * *
 * * * * 1 2 * 1 * * * * 
  3 3 1 3 3 3 * 1 * 1 *  
   3 3 1 * 3 3 3 * 1 *   
    * * 2 1 * * * * *    
   * * 2 * 3 3 * * 3 3   
  * * * * 3 3 * * 3 3 3  
 * * * * * * * 2 * * * * 
* * * * * * * * 2 * * * *
         * * 2 *         
          * 2 2          
           2 *           
            2            
600000 600000 0 2 2

#player 2 sent 5 11 7 9 -1 -1
            *            
           * *           
          * * *          
         * * * *         
* * * * 1 * * * 1 * * * *
 * * * * 1 * * 1 * * * * 
  3 3 1 3 3 3 * 1 * 1 *  
   3 3 1 2 3 3 3 * 1 *   
    * * 2 1 * * * * *    
   * * 2 * 3 3 * * 3 3   
  * * * * 3 3 * * 3 3 3  
 * * * * * * * 2 * * * * 
* * * * * * * * 2 * * * *
         * * 2 *         
          * 2 2          
           2 *           
            2            
600000 600000 0 2 1

#player 1 sent 6 16 4 14 -1 -1
            *            
           * *           
          * * *          
         * * * *         
* * * * 1 * * 1 1 * * * *
 * * * * 1 * * 1 * * * * 
  3 3 1 3 3 3 * * * 1 *  
   3 3 1 2 3 3 3 * 1 *   
    * * 2 1 * * * * *    
   * * 2 * 3 3 * * 3 3   
  * * * * 3 3 * * 3 3 3  
 * * * * * * * 2 * * * * 
* * * * * * * * 2 * * * *
         * * 2 *         
          * 2 2          
           2 *           
            2            
600000 600000 0 2 2

#player 2 sent 8 8 10 14 -1 -1
            *            
           * *           
          * * *          
         * * * *         
* * * * 1 * * 1 1 * * * *
 * * * * 1 * * 1 * * * * 
  3 3 1 3 3 3 * * * 1 *  
   3 3 1 2 3 3 3 * 1 *   
    * * * 1 * * * * *    
   * * 2 * 3 3 * * 3 3   
  * * * * 3 3 2 * 3 3 3  
 * * * * * * * 2 * * * * 
* * * * * * * * 2 * * * *
         * * 2 *         
          * 2 2          
           2 *           
            2            
600000 600000 0 2 1

#player 1 sent 5 15 3 13 -1 -1
            *            
           * *           
          * * *          
         * * 1 *         
* * * * 1 * * 1 1 * * * *
 * * * * 1 * * * * * * * 
  3 3 1 3 3 3 * * * 1 *  
   3 3 1 2 3 3 3 * 1 *   
    * * * 1 * * * * *    
   * * 2 * 3 3 * * 3 3   
  * * * * 3 3 2 * 3 3 3  
 * * * * * * * 2 * * * * 
* * * * * * * * 2 * * * *
         * * 2 *         
          * 2 2          
           2 *           
            2            
600000 600000 0 2 2

#player 2 sent 7 9 8 8 -1 -1
            *            
           * *           
          * * *          
         * * 1 *         
* * * * 1 * * 1 1 * * * *
 * * * * 1 * * * * * * * 
  3 3 1 3 3 3 * * * 1 *  
   3 3 1 * 3 3 3 * 1 *   
    * * 2 1 * * * * *    
   * * 2 * 3 3 * * 3 3   
  * * * * 3 3 2 * 3 3 3  
 * * * * * * * 2 * * * * 
* * * * * * * * 2 * * * *
         * * 2 *         
          * 2 2          
           2 *           
            2            
600000 600000 0 2 1

#player 1 sent 4 14 2 12 -1 -1
            *            
           * *           
          * 1 *          
         * * 1 *         
* * * * 1 * * * 1 * * * *
 * * * * 1 * * * * * * * 
  3 3 1 3 3 3 * * * 1 *  
   3 3 1 * 3 3 3 * 1 *   
    * * 2 1 * * * * *    
   * * 2 * 3 3 * * 3 3   
  * * * * 3 3 2 * 3 3 3  
 * * * * * * * 2 * * * * 
* * * * * * * * 2 * * * *
         * * 2 *         
          * 2 2          
           2 *           
            2            
600000 600000 0 2 2

#player 2 sent 8 8 10 6 -1 -1
            *            
           * *           
          * 1 *          
         * * 1 *         
* * * * 1 * * * 1 * * * *
 * * * * 1 * * * * * * * 
  3 3 1 3 3 3 * * * 1 *  
   3 3 1 * 3 3 3 * 1 *   
    * * * 1 * * * * *    
   * * 2 * 3 3 * * 3 3   
  * * 2 * 3 3 2 * 3 3 3  
 * * * * * * * 2 * * * * 
* * * * * * * * 2 * * * *
         * * 2 *         
          * 2 2          
           2 *           
            2            
600000 600000 0 2 1

#player 1 sent 3 13 1 11 -1 -1
            *            
           1 *           
          * 1 *          
         * * * *         
* * * * 1 * * * 1 * * * *
 * * * * 1 * * * * * * * 
  3 3 1 3 3 3 * * * 1 *  
   3 3 1 * 3 3 3 * 1 *   
    * * * 1 * * * * *    
   * * 2 * 3 3 * * 3 3   
  * * 2 * 3 3 2 * 3 3 3  
 * * * * * * * 2 * * * * 
* * * * * * * * 2 * * * *
         * * 2 *         
          * 2 2          
           2 *           
            2            
600000 600000 0 2 2

#player 2 sent 9 7 11 5 -1 -1
            *            
           1 *           
          * 1 *          
         * * * *         
* * * * 1 * * * 1 * * * *
 * * * * 1 * * * * * * * 
  3 3 1 3 3 3 * * * 1 *  
   3 3 1 * 3 3 3 * 1 *   
    * * * 1 * * * * *    
   * * * * 3 3 * * 3 3   
  * * 2 * 3 3 2 * 3 3 3  
 * * 2 * * * * 2 * * * * 
* * * * * * * * 2 * * * *
         * * 2 *         
          * 2 2          
           2 *           
            2            
600000 600000 0 2 1

#player 1 sent 8 10 7 9 -1 -1
            *            
           1 *           
          * 1 *          
         * * * *         
* * * * 1 * * * 1 * * * *
 * * * * 1 * * * * * * * 
  3 3 1 3 3 3 * * * 1 *  
   3 3 1 1 3 3 3 * 1 *   
    * * * * * * * * *    
   * * * * 3 3 * * 3 3   
  * * 2 * 3 3 2 * 3 3 3  
 * * 2 * * * * 2 * * * * 
* * * * * * * * 2 * * * *
         * * 2 *         
          * 2 2          
           2 *           
            2            
600000 600000 0 2 2

#player 2 sent 10 6 12 4 -1 -1
            *            
           1 *           
          * 1 *          
         * * * *         
* * * * 1 * * * 1 * * * *
 * * * * 1 * * * * * * * 
  3 3 1 3 3 3 * * * 1 *  
   3 3 1 1 3 3 3 * 1 *   
    * * * * * * * * *    
   * * * * 3 3 * * 3 3   
  * * * * 3 3 2 * 3 3 3  
 * * 2 * * * * 2 * * * * 
* * 2 * * * * * 2 * * * *
         * * 2 *         
          * 2 2          
           2 *           
            2            
600000 600000 0 2 1

#player 1 sent 7 9 3 9 -1 -1
            *            
           1 *           
          * 1 *          
         1 * * *         
* * * * 1 * * * 1 * * * *
 * * * * 1 * * * * * * * 
  3 3 1 3 3 3 * * * 1 *  
   3 3 1 * 3 3 3 * 1 *   
    * * * * * * * * *    
   * * * * 3 3 * * 3 3   
  * * * * 3 3 2 * 3 3 3  
 * * 2 * * * * 2 * * * * 
* * 2 * * * * * 2 * * * *
         * * 2 *         
          * 2 2          
           2 *           
            2            
600000 600000 0 2 2

#player 2 sent 10 14 11 13 -1 -1
            *            
           1 *           
          * 1 *          
         1 * * *         
* * * * 1 * * * 1 * * * *
 * * * * 1 * * * * * * * 
  3 3 1 3 3 3 * * * 1 *  
   3 3 1 * 3 3 3 * 1 *   
    * * * * * * * * *    
   * * * * 3 3 * * 3 3   
  * * * * 3 3 * * 3 3 3  
 * * 2 * * * 2 2 * * * * 
* * 2 * * * * * 2 * * * *
         * * 2 *         
          * 2 2          
           2 *           
            2            
600000 600000 0 2 1

#player 1 sent 4 8 0 12 -1 -1
            1            
           1 *           
          * 1 *          
         1 * * *         
* * * * * * * * 1 * * * *
 * * * * 1 * * * * * * * 
  3 3 1 3 3 3 * * * 1 *  
   3 3 1 * 3 3 3 * 1 *   
    * * * * * * * * *    
   * * * * 3 3 * * 3 3   
  * * * * 3 3 * * 3 3 3  
 * * 2 * * * 2 2 * * * * 
* * 2 * * * * * 2 * * * *
         * * 2 *         
          * 2 2          
           2 *           
            2            
600000 600000 0 2 2

#player 2 sent 11 13 15 13 -1 -1
            1            
           1 *           
          * 1 *          
         1 * * *         
* * * * * * * * 1 * * * *
 * * * * 1 * * * * * * * 
  3 3 1 3 3 3 * * * 1 *  
   3 3 1 * 3 3 3 * 1 *   
    * * * * * * * * *    
   * * * * 3 3 * * 3 3   
  * * * * 3 3 * * 3 3 3  
 * * 2 * * * * 2 * * * * 
* * 2 * * * * * 2 * * * *
         * * 2 *         
          * 2 2          
           2 2           
            2            
600000 600000 0 2 1

#player 1 sent 7 19 6 18 -1 -1
            1            
           1 *           
          * 1 *          
         1 * * *         
* * * * * * * * 1 * * * *
 * * * * 1 * * * * * * * 
  3 3 1 3 3 3 * * 1 1 *  
   3 3 1 * 3 3 3 * * *   
    * * * * * * * * *    
   * * * * 3 3 * * 3 3   
  * * * * 3 3 * * 3 3 3  
 * * 2 * * * * 2 * * * * 
* * 2 * * * * * 2 * * * *
         * * 2 *         
          * 2 2          
           2 2           
            2            
600000 600000 0 2 2

#player 2 sent 11 15 12 14 -1 -1
            1            
           1 *           
          * 1 *          
         1 * * *         
* * * * * * * * 1 * * * *
 * * * * 1 * * * * * * * 
  3 3 1 3 3 3 * * 1 1 *  
   3 3 1 * 3 3 3 * * *   
    * * * * * * * * *    
   * * * * 3 3 * * 3 3   
  * * * * 3 3 * * 3 3 3  
 * * 2 * * * * * * * * * 
* * 2 * * * * 2 2 * * * *
         * * 2 *         
          * 2 2          
           2 2           
            2            
600000 600000 0 2 1

#player 1 sent 7 7 5 5 -1 -1
            1            
           1 *           
          * 1 *          
         1 * * *         
* * * * * * * * 1 * * * *
 * * 1 * 1 * * * * * * * 
  3 3 1 3 3 3 * * 1 1 *  
   3 3 * * 3 3 3 * * *   
    * * * * * * * * *    
   * * * * 3 3 * * 3 3   
  * * * * 3 3 * * 3 3 3  
 * * 2 * * * * * * * * * 
* * 2 * * * * 2 2 * * * *
         * * 2 *         
          * 2 2          
           2 2           
            2            
600000 600000 0 2 2

#player 2 sent 11 5 12 6 -1 -1
            1            
           1 *           
          * 1 *          
         1 * * *         
* * * * * * * * 1 * * * *
 * * 1 * 1 * * * * * * * 
  3 3 1 3 3 3 * * 1 1 *  
   3 3 * * 3 3 3 * * *   
    * * * * * * * * *    
   * * * * 3 3 * * 3 3   
  * * * * 3 3 * * 3 3 3  
 * * * * * * * * * * * * 
* * 2 2 * * * 2 2 * * * *
         * * 2 *         
          * 2 2          
           2 2           
            2            
600000 600000 0 2 1

#player 1 sent 6 6 5 7 -1 -1
            1            
           1 *           
          * 1 *          
         1 * * *         
* * * * * * * * 1 * * * *
 * * 1 1 1 * * * * * * * 
  3 3 * 3 3 3 * * 1 1 *  
   3 3 * * 3 3 3 * * *   
    * * * * * * * * *    
   * * * * 3 3 * * 3 3   
  * * * * 3 3 * * 3 3 3  
 * * * * * * * * * * * * 
* * 2 2 * * * 2 2 * * * *
         * * 2 *         
          * 2 2          
           2 2           
            2            
600000 600000 0 2 2

#player 2 sent 12 16 13 15 -1 -1
            1            
           1 *           
          * 1 *          
         1 * * *         
* * * * * * * * 1 * * * *
 * * 1 1 1 * * * * * * * 
  3 3 * 3 3 3 * * 1 1 *  
   3 3 * * 3 3 3 * * *   
    * * * * * * * * *    
   * * * * 3 3 * * 3 3   
  * * * * 3 3 * * 3 3 3  
 * * * * * * * * * * * * 
* * 2 2 * * * 2 * * * * *
         * * 2 2         
          * 2 2          
           2 2           
            2            
600000 600000 0 2 1

#player 1 sent 6 20 6 16 -1 -1
            1            
           1 *           
          * 1 *          
         1 * * *         
* * * * * * * * 1 * * * *
 * * 1 1 1 * * * * * * * 
  3 3 * 3 3 3 * 1 1 * *  
   3 3 * * 3 3 3 * * *   
    * * * * * * * * *    
   * * * * 3 3 * * 3 3   
  * * * * 3 3 * * 3 3 3  
 * * * * * * * * * * * * 
* * 2 2 * * * 2 * * * * *
         * * 2 2         
          * 2 2          
           2 2           
            2            
600000 600000 0 2 2

#player 2 sent 12 14 12 12 -1 -1
            1            
           1 *           
          * 1 *          
         1 * * *         
* * * * * * * * 1 * * * *
 * * 1 1 1 * * * * * * * 
  3 3 * 3 3 3 * 1 1 * *  
   3 3 * * 3 3 3 * * *   
    * * * * * * * * *    
   * * * * 3 3 * * 3 3   
  * * * * 3 3 * * 3 3 3  
 * * * * * * * * * * * * 
* * 2 2 * * 2 * * * * * *
         * * 2 2         
          * 2 2          
           2 2           
            2            
600000 600000 0 2 1

#player 1 sent 6 16 5 15 -1 -1
            1            
           1 *           
          * 1 *          
         1 * * *         
* * * * * * * * 1 * * * *
 * * 1 1 1 * * 1 * * * * 
  3 3 * 3 3 3 * * 1 * *  
   3 3 * * 3 3 3 * * *   
    * * * * * * * * *    
   * * * * 3 3 * * 3 3   
  * * * * 3 3 * * 3 3 3  
 * * * * * * * * * * * * 
* * 2 2 * * 2 * * * * * *
         * * 2 2         
          * 2 2          
           2 2           
            2            
600000 600000 0 2 2

#player 2 sent 12 12 13 11 -1 -1
            1            
           1 *           
          * 1 *          
         1 * * *         
* * * * * * * * 1 * * * *
 * * 1 1 1 * * 1 * * * * 
  3 3 * 3 3 3 * * 1 * *  
   3 3 * * 3 3 3 * * *   
    * * * * * * * * *    
   * * * * 3 3 * * 3 3   
  * * * * 3 3 * * 3 3 3  
 * * * * * * * * * * * * 
* * 2 2 * * * * * * * * *
         * 2 2 2         
          * 2 2          
           2 2           
            2            
600000 600000 0 2 1

#player 1 sent 6 18 5 17 -1 -1
            1            
           1 *           
          * 1 *          
         1 * * *         
* * * * * * * * 1 * * * *
 * * 1 1 1 * * 1 1 * * * 
  3 3 * 3 3 3 * * * * *  
   3 3 * * 3 3 3 * * *   
    * * * * * * * * *    
   * * * * 3 3 * * 3 3   
  * * * * 3 3 * * 3 3 3  
 * * * * * * * * * * * * 
* * 2 2 * * * * * * * * *
         * 2 2 2         
          * 2 2          
           2 2           
            2            
600000 600000 0 2 2

#player 2 sent 13 11 14 10 -1 -1
            1            
           1 *           
          * 1 *          
         1 * * *         
* * * * * * * * 1 * * * *
 * * 1 1 1 * * 1 1 * * * 
  3 3 * 3 3 3 * * * * *  
   3 3 * * 3 3 3 * * *   
    * * * * * * * * *    
   * * * * 3 3 * * 3 3   
  * * * * 3 3 * * 3 3 3  
 * * * * * * * * * * * * 
* * 2 2 * * * * * * * * *
         * * 2 2         
          2 2 2          
           2 2           
            2            
600000 600000 0 2 1

#player 1 sent 5 17 3 15 -1 -1
            1            
           1 *           
          * 1 *          
         1 * * 1         
* * * * * * * * 1 * * * *
 * * 1 1 1 * * 1 * * * * 
  3 3 * 3 3 3 * * * * *  
   3 3 * * 3 3 3 * * *   
    * * * * * * * * *    
   * * * * 3 3 * * 3 3   
  * * * * 3 3 * * 3 3 3  
 * * * * * * * * * * * * 
* * 2 2 * * * * * * * * *
         * * 2 2         
          2 2 2          
           2 2           
            2            
600000 600000 0 2 2

#player 2 sent 12 4 12 8 -1 -1
            1            
           1 *           
          * 1 *          
         1 * * 1         
* * * * * * * * 1 * * * *
 * * 1 1 1 * * 1 * * * * 
  3 3 * 3 3 3 * * * * *  
   3 3 * * 3 3 3 * * *   
    * * * * * * * * *    
   * * * * 3 3 * * 3 3   
  * * * * 3 3 * * 3 3 3  
 * * * * * * * * * * * * 
* * * 2 2 * * * * * * * *
         * * 2 2         
          2 2 2          
           2 2           
            2            
600000 600000 0 2 1

#player 1 sent 4 16 2 10 -1 -1
            1            
           1 *           
          1 1 *          
         1 * * 1         
* * * * * * * * * * * * *
 * * 1 1 1 * * 1 * * * * 
  3 3 * 3 3 3 * * * * *  
   3 3 * * 3 3 3 * * *   
    * * * * * * * * *    
   * * * * 3 3 * * 3 3   
  * * * * 3 3 * * 3 3 3  
 * * * * * * * * * * * * 
* * * 2 2 * * * * * * * *
         * * 2 2         
          2 2 2          
           2 2           
            2            
600000 600000 0 2 2

#player 2 sent 12 8 13 9 -1 -1
            1            
           1 *           
          1 1 *          
         1 * * 1         
* * * * * * * * * * * * *
 * * 1 1 1 * * 1 * * * * 
  3 3 * 3 3 3 * * * * *  
   3 3 * * 3 3 3 * * *   
    * * * * * * * * *    
   * * * * 3 3 * * 3 3   
  * * * * 3 3 * * 3 3 3  
 * * * * * * * * * * * * 
* * * 2 * * * * * * * * *
         2 * 2 2         
          2 2 2          
           2 2           
            2            
600000 600000 0 2 1

#player 1 sent 5 5 4 6 -1 -1
            1            
           1 *           
          1 1 *          
         1 * * 1         
* * * 1 * * * * * * * * *
 * * * 1 1 * * 1 * * * * 
  3 3 * 3 3 3 * * * * *  
   3 3 * * 3 3 3 * * *   
    * * * * * * * * *    
   * * * * 3 3 * * 3 3   
  * * * * 3 3 * * 3 3 3  
 * * * * * * * * * * * * 
* * * 2 * * * * * * * * *
         2 * 2 2         
          2 2 2          
           2 2           
            2            
600000 600000 0 2 2

#player 2 sent 12 6 12 8 -1 -1
            1            
           1 *           
          1 1 *          
         1 * * 1         
* * * 1 * * * * * * * * *
 * * * 1 1 * * 1 * * * * 
  3 3 * 3 3 3 * * * * *  
   3 3 * * 3 3 3 * * *   
    * * * * * * * * *    
   * * * * 3 3 * * 3 3   
  * * * * 3 3 * * 3 3 3  
 * * * * * * * * * * * * 
* * * * 2 * * * * * * * *
         2 * 2 2         
          2 2 2          
           2 2           
            2            
600000 600000 0 2 1

#player 1 sent 5 9 4 8 -1 -1
            1            
           1 *           
          1 1 *          
         1 * * 1         
* * * 1 1 * * * * * * * *
 * * * 1 * * * 1 * * * * 
  3 3 * 3 3 3 * * * * *  
   3 3 * * 3 3 3 * * *   
    * * * * * * * * *    
   * * * * 3 3 * * 3 3   
  * * * * 3 3 * * 3 3 3  
 * * * * * * * * * * * * 
* * * * 2 * * * * * * * *
         2 * 2 2         
          2 2 2          
           2 2           
            2            
600000 600000 0 2 2

#player 2 sent 12 8 12 10 -1 -1
            1            
           1 *           
          1 1 *          
         1 * * 1         
* * * 1 1 * * * * * * * *
 * * * 1 * * * 1 * * * * 
  3 3 * 3 3 3 * * * * *  
   3 3 * * 3 3 3 * * *   
    * * * * * * * * *    
   * * * * 3 3 * * 3 3   
  * * * * 3 3 * * 3 3 3  
 * * * * * * * * * * * * 
* * * * * 2 * * * * * * *
         2 * 2 2         
          2 2 2          
           2 2           
            2            
600000 600000 0 2 1

#player 1 sent 5 15 4 14 -1 -1
            1            
           1 *           
          1 1 *          
         1 * * 1         
* * * 1 1 * * 1 * * * * *
 * * * 1 * * * * * * * * 
  3 3 * 3 3 3 * * * * *  
   3 3 * * 3 3 3 * * *   
    * * * * * * * * *    
   * * * * 3 3 * * 3 3   
  * * * * 3 3 * * 3 3 3  
 * * * * * * * * * * * * 
* * * * * 2 * * * * * * *
         2 * 2 2         
          2 2 2          
           2 2           
            2            
600000 600000 0 2 2

#player 2 sent 12 10 13 11 -1 -1
            1            
           1 *           
          1 1 *          
         1 * * 1         
* * * 1 1 * * 1 * * * * *
 * * * 1 * * * * * * * * 
  3 3 * 3 3 3 * * * * *  
   3 3 * * 3 3 3 * * *   
    * * * * * * * * *    
   * * * * 3 3 * * 3 3   
  * * * * 3 3 * * 3 3 3  
 * * * * * * * * * * * * 
* * * * * * * * * * * * *
         2 2 2 2         
          2 2 2          
           2 2           
            2            
600000 600000 0 2 1

#winner=2
#Time left for player1 is 599886 player 2 599987
