#player 1 sent 14 10 12 12 6 14
            2            
           2 2           
          2 2 2          
         2 2 2 2         
* * * * * * * * * * * * *
 * * * * * * * * * * * * 
  3 3 * * 3 3 3 * * * *  
   3 3 * * 3 3 * * * *   
    * * * * * * * * *    
   * * * * 3 3 * * 3 3   
  * * * * 3 3 * * 3 3 3  
 * * * * * * * * * * * * 
* * * * * * 1 * * * * * *
         1 1 1 1         
          * 1 1          
           1 1           
            1            
600000 600000 1 2 2

#player 2 sent 2 10 4 12 -1 -1
            2            
           2 2           
          * 2 2          
         2 2 2 2         
* * * * * * 2 * * * * * *
 * * * * * * * * * * * * 
  3 3 * * 3 3 3 * * * *  
   3 3 * * 3 3 * * * *   
    * * * * * * * * *    
   * * * * 3 3 * * 3 3   
  * * * * 3 3 * * 3 3 3  
 * * * * * * * * * * * * 
* * * * * * 1 * * * * * *
         1 1 1 1         
          * 1 1          
           1 1           
            1            
600000 600000 1 2 1

#player 1 sent 13 15 12 16 11 15
            2            
           2 2           
          * 2 2          
         2 2 2 2         
* * * * * * 2 * * * * * *
 * * * * * * * * * * * * 
  3 3 * * 3 3 3 * * * *  
   3 3 * * 3 3 * * * *   
    * * * * * * * * *    
   * * * * 3 3 * * 3 3   
  * * * * 3 3 * * 3 3 3  
 * * * * * * * 3 * * * * 
* * * * * * 1 * 1 * * * *
         1 1 1 *         
          * 1 1          
           1 1           
            1            
600000 600000 0 2 2

#player 2 sent 0 12 4 8 -1 -1
            *            
           2 2           
          * 2 2          
         2 2 2 2         
* * * * 2 * 2 * * * * * *
 * * * * * * * * * * * * 
  3 3 * * 3 3 3 * * * *  
   3 3 * * 3 3 * * * *   
    * * * * * * * * *    
   * * * * 3 3 * * 3 3   
  * * * * 3 3 * * 3 3 3  
 * * * * * * * 3 * * * * 
* * * * * * 1 * 1 * * * *
         1 1 1 *         
          * 1 1          
           1 1           
            1            
600000 600000 0 2 1

#player 1 sent 12 12 12 10 -1 -1
            *            
           2 2           
          * 2 2          
         2 2 2 2         
* * * * 2 * 2 * * * * * *
 * * * * * * * * * * * * 
  3 3 * * 3 3 3 * * * *  
   3 3 * * 3 3 * * * *   
    * * * * * * * * *    
   * * * * 3 3 * * 3 3   
  * * * * 3 3 * * 3 3 3  
 * * * * * * * 3 * * * * 
* * * * * 1 * * 1 * * * *
         1 1 1 *         
          * 1 1          
           1 1           
            1            
600000 600000 0 2 2

#player 2 sent 3 11 7 15 -1 -1
            *            
           2 2           
          * 2 2          
         2 * 2 2         
* * * * 2 * 2 * * * * * *
 * * * * * * * * * * * * 
  3 3 * * 3 3 3 * * * *  
   3 3 * * 3 3 2 * * *   
    * * * * * * * * *    
   * * * * 3 3 * * 3 3   
  * * * * 3 3 * * 3 3 3  
 * * * * * * * 3 * * * * 
* * * * * 1 * * 1 * * * *
         1 1 1 *         
          * 1 1          
           1 1           
            1            
600000 600000 0 2 1

#player 1 sent 14 12 12 14 -1 -1
            *            
           2 2           
          * 2 2          
         2 * 2 2         
* * * * 2 * 2 * * * * * *
 * * * * * * * * * * * * 
  3 3 * * 3 3 3 * * * *  
   3 3 * * 3 3 2 * * *   
    * * * * * * * * *    
   * * * * 3 3 * * 3 3   
  * * * * 3 3 * * 3 3 3  
 * * * * * * * 3 * * * * 
* * * * * 1 * 1 1 * * * *
         1 1 1 *         
          * * 1          
           1 1           
            1            
600000 600000 0 2 2

#player 2 sent 1 13 5 13 -1 -1
            *            
           2 *           
          * 2 2          
         2 * 2 2         
* * * * 2 * 2 * * * * * *
 * * * * * * 2 * * * * * 
  3 3 * * 3 3 3 * * * *  
   3 3 * * 3 3 2 * * *   
    * * * * * * * * *    
   * * * * 3 3 * * 3 3   
  * * * * 3 3 * * 3 3 3  
 * * * * * * * 3 * * * * 
* * * * * 1 * 1 1 * * * *
         1 1 1 *         
          * * 1          
           1 1           
            1            
600000 600000 0 2 1

#player 1 sent 13 13 12 12 -1 -1
            *            
           2 *           
          * 2 2          
         2 * 2 2         
* * * * 2 * 2 * * * * * *
 * * * * * * 2 * * * * * 
  3 3 * * 3 3 3 * * * *  
   3 3 * * 3 3 2 * * *   
    * * * * * * * * *    
   * * * * 3 3 * * 3 3   
  * * * * 3 3 * * 3 3 3  
 * * * * * * * 3 * * * * 
* * * * * 1 1 1 1 * * * *
         1 1 * *         
          * * 1          
           1 1           
            1            
600000 600000 0 2 2

#player 2 sent 3 13 7 9 -1 -1
            *            
           2 *           
          * 2 2          
         2 * * 2         
* * * * 2 * 2 * * * * * *
 * * * * * * 2 * * * * * 
  3 3 * * 3 3 3 * * * *  
   3 3 * 2 3 3 2 * * *   
    * * * * * * * * *    
   * * * * 3 3 * * 3 3   
  * * * * 3 3 * * 3 3 3  
 * * * * * * * 3 * * * * 
* * * * * 1 1 1 1 * * * *
         1 1 * *         
          * * 1          
           1 1           
            1            
600000 600000 0 2 1

#player 1 sent 15 13 14 12 -1 -1
            *            
           2 *           
          * 2 2          
         2 * * 2         
* * * * 2 * 2 * * * * * *
 * * * * * * 2 * * * * * 
  3 3 * * 3 3 3 * * * *  
   3 3 * 2 3 3 2 * * *   
    * * * * * * * * *    
   * * * * 3 3 * * 3 3   
  * * * * 3 3 * * 3 3 3  
 * * * * * * * 3 * * * * 
* * * * * 1 1 1 1 * * * *
         1 1 * *         
          * 1 1          
           1 *           
            1            
600000 600000 0 2 2

#player 2 sent 1 11 5 11 -1 -1
            *            
           * *           
          * 2 2          
         2 * * 2         
* * * * 2 * 2 * * * * * *
 * * * * * 2 2 * * * * * 
  3 3 * * 3 3 3 * * * *  
   3 3 * 2 3 3 2 * * *   
    * * * * * * * * *    
   * * * * 3 3 * * 3 3   
  * * * * 3 3 * * 3 3 3  
 * * * * * * * 3 * * * * 
* * * * * 1 1 1 1 * * * *
         1 1 * *         
          * 1 1          
           1 *           
            1            
600000 600000 0 2 1

#player 1 sent 16 12 14 10 -1 -1
            *            
           * *           
          * 2 2          
         2 * * 2         
* * * * 2 * 2 * * * * * *
 * * * * * 2 2 * * * * * 
  3 3 * * 3 3 3 * * * *  
   3 3 * 2 3 3 2 * * *   
    * * * * * * * * *    
   * * * * 3 3 * * 3 3   
  * * * * 3 3 * * 3 3 3  
 * * * * * * * 3 * * * * 
* * * * * 1 1 1 1 * * * *
         1 1 * *         
          1 1 1          
           1 *           
            *            
600000 600000 0 2 2

#player 2 sent 2 14 4 16 -1 -1
            *            
           * *           
          * 2 *          
         2 * * 2         
* * * * 2 * 2 * 2 * * * *
 * * * * * 2 2 * * * * * 
  3 3 * * 3 3 3 * * * *  
   3 3 * 2 3 3 2 * * *   
    * * * * * * * * *    
   * * * * 3 3 * * 3 3   
  * * * * 3 3 * * 3 3 3  
 * * * * * * * 3 * * * * 
* * * * * 1 1 1 1 * * * *
         1 1 * *         
          1 1 1          
           1 *           
            *            
600000 600000 0 2 1

#player 1 sent 12 16 8 12 -1 -1
            *            
           * *           
          * 2 *          
         2 * * 2         
* * * * 2 * 2 * 2 * * * *
 * * * * * 2 2 * * * * * 
  3 3 * * 3 3 3 * * * *  
   3 3 * 2 3 3 2 * * *   
    * * * * 1 * * * *    
   * * * * 3 3 * * 3 3   
  * * * * 3 3 * * 3 3 3  
 * * * * * * * 3 * * * * 
* * * * * 1 1 1 * * * * *
         1 1 * *         
          1 1 1          
           1 *           
            *            
600000 600000 0 2 2

#player 2 sent 3 9 5 7 -1 -1
            *            
           * *           
          * 2 *          
         * * * 2         
* * * * 2 * 2 * 2 * * * *
 * * * 2 * 2 2 * * * * * 
  3 3 * * 3 3 3 * * * *  
   3 3 * 2 3 3 2 * * *   
    * * * * 1 * * * *    
   * * * * 3 3 * * 3 3   
  * * * * 3 3 * * 3 3 3  
 * * * * * * * 3 * * * * 
* * * * * 1 1 1 * * * * *
         1 1 * *         
          1 1 1          
           1 *           
            *            
600000 600000 0 2 1

#player 1 sent 8 12 8 14 -1 -1
            *            
           * *           
          * 2 *          
         * * * 2         
* * * * 2 * 2 * 2 * * * *
 * * * 2 * 2 2 * * * * * 
  3 3 * * 3 3 3 * * * *  
   3 3 * 2 3 3 2 * * *   
    * * * * * 1 * * *    
   * * * * 3 3 * * 3 3   
  * * * * 3 3 * * 3 3 3  
 * * * * * * * 3 * * * * 
* * * * * 1 1 1 * * * * *
         1 1 * *         
          1 1 1          
           1 *           
            *            
600000 600000 0 2 2

#player 2 sent 4 8 8 4 -1 -1
            *            
           * *           
          * 2 *          
         * * * 2         
* * * * * * 2 * 2 * * * *
 * * * 2 * 2 2 * * * * * 
  3 3 * * 3 3 3 * * * *  
   3 3 * 2 3 3 2 * * *   
    2 * * * * 1 * * *    
   * * * * 3 3 * * 3 3   
  * * * * 3 3 * * 3 3 3  
 * * * * * * * 3 * * * * 
* * * * * 1 1 1 * * * * *
         1 1 * *         
          1 1 1          
           1 *           
            *            
600000 600000 0 2 1

#player 1 sent 15 11 15 13 -1 -1
            *            
           * *           
          * 2 *          
         * * * 2         
* * * * * * 2 * 2 * * * *
 * * * 2 * 2 2 * * * * * 
  3 3 * * 3 3 3 * * * *  
   3 3 * 2 3 3 2 * * *   
    2 * * * * 1 * * *    
   * * * * 3 3 * * 3 3   
  * * * * 3 3 * * 3 3 3  
 * * * * * * * 3 * * * * 
* * * * * 1 1 1 * * * * *
         1 1 * *         
          1 1 1          
           * 1           
            *            
600000 600000 0 2 2

#player 2 sent 3 15 5 17 -1 -1
            *            
           * *           
          * 2 *          
         * * * *         
* * * * * * 2 * 2 * * * *
 * * * 2 * 2 2 * 2 * * * 
  3 3 * * 3 3 3 * * * *  
   3 3 * 2 3 3 2 * * *   
    2 * * * * 1 * * *    
   * * * * 3 3 * * 3 3   
  * * * * 3 3 * * 3 3 3  
 * * * * * * * 3 * * * * 
* * * * * 1 1 1 * * * * *
         1 1 * *         
          1 1 1          
           * 1           
            *            
600000 600000 0 2 1

#player 1 sent 8 14 8 16 -1 -1
            *            
           * *           
          * 2 *          
         * * * *         
* * * * * * 2 * 2 * * * *
 * * * 2 * 2 2 * 2 * * * 
  3 3 * * 3 3 3 * * * *  
   3 3 * 2 3 3 2 * * *   
    2 * * * * * 1 * *    
   * * * * 3 3 * * 3 3   
  * * * * 3 3 * * 3 3 3  
 * * * * * * * 3 * * * * 
* * * * * 1 1 1 * * * * *
         1 1 * *         
          1 1 1          
           * 1           
            *            
600000 600000 0 2 2

#player 2 sent 7 15 11 19 -1 -1
            *            
           * *           
          * 2 *          
         * * * *         
* * * * * * 2 * 2 * * * *
 * * * 2 * 2 2 * 2 * * * 
  3 3 * * 3 3 3 * * * *  
   3 3 * 2 3 3 * * * *   
    2 * * * * * 1 * *    
   * * * * 3 3 * * 3 3   
  * * * * 3 3 * * 3 3 3  
 * * * * * * * 3 * 2 * * 
* * * * * 1 1 1 * * * * *
         1 1 * *         
          1 1 1          
           * 1           
            *            
600000 600000 0 2 1

#player 1 sent 13 11 11 17 -1 -1
            *            
           * *           
          * 2 *          
         * * * *         
* * * * * * 2 * 2 * * * *
 * * * 2 * 2 2 * 2 * * * 
  3 3 * * 3 3 3 * * * *  
   3 3 * 2 3 3 * * * *   
    2 * * * * * 1 * *    
   * * * * 3 3 * * 3 3   
  * * * * 3 3 * * 3 3 3  
 * * * * * * * 3 1 2 * * 
* * * * * 1 1 1 * * * * *
         1 * * *         
          1 1 1          
           * 1           
            *            
600000 600000 0 2 2

#player 2 sent 5 13 9 17 -1 -1
            *            
           * *           
          * 2 *          
         * * * *         
* * * * * * 2 * 2 * * * *
 * * * 2 * 2 * * 2 * * * 
  3 3 * * 3 3 3 * * * *  
   3 3 * 2 3 3 * * * *   
    2 * * * * * 1 * *    
   * * * * 3 3 * 2 3 3   
  * * * * 3 3 * * 3 3 3  
 * * * * * * * 3 1 2 * * 
* * * * * 1 1 1 * * * * *
         1 * * *         
          1 1 1          
           * 1           
            *            
600000 600000 0 2 1

#player 1 sent 11 17 11 21 -1 -1
            *            
           * *           
          * 2 *          
         * * * *         
* * * * * * 2 * 2 * * * *
 * * * 2 * 2 * * 2 * * * 
  3 3 * * 3 3 3 * * * *  
   3 3 * 2 3 3 * * * *   
    2 * * * * * 1 * *    
   * * * * 3 3 * 2 3 3   
  * * * * 3 3 * * 3 3 3  
 * * * * * * * 3 * 2 1 * 
* * * * * 1 1 1 * * * * *
         1 * * *         
          1 1 1          
           * 1           
            *            
600000 600000 0 2 2

#player 2 sent 4 16 6 18 -1 -1
            *            
           * *           
          * 2 *          
         * * * *         
* * * * * * 2 * * * * * *
 * * * 2 * 2 * * 2 * * * 
  3 3 * * 3 3 3 * 2 * *  
   3 3 * 2 3 3 * * * *   
    2 * * * * * 1 * *    
   * * * * 3 3 * 2 3 3   
  * * * * 3 3 * * 3 3 3  
 * * * * * * * 3 * 2 1 * 
* * * * * 1 1 1 * * * * *
         1 * * *         
          1 1 1          
           * 1           
            *            
600000 600000 0 2 1

#player 1 sent 12 14 11 13 -1 -1
            *            
           * *           
          * 2 *          
         * * * *         
* * * * * * 2 * * * * * *
 * * * 2 * 2 * * 2 * * * 
  3 3 * * 3 3 3 * 2 * *  
   3 3 * 2 3 3 * * * *   
    2 * * * * * 1 * *    
   * * * * 3 3 * 2 3 3   
  * * * * 3 3 * * 3 3 3  
 * * * * * * 1 3 * 2 1 * 
* * * * * 1 1 * * * * * *
         1 * * *         
          1 1 1          
           * 1           
            *            
600000 600000 0 2 2

#player 2 sent 5 17 7 19 -1 -1
            *            
           * *           
          * 2 *          
         * * * *         
* * * * * * 2 * * * * * *
 * * * 2 * 2 * * * * * * 
  3 3 * * 3 3 3 * 2 * *  
   3 3 * 2 3 3 * * 2 *   
    2 * * * * * 1 * *    
   * * * * 3 3 * 2 3 3   
  * * * * 3 3 * * 3 3 3  
 * * * * * * 1 3 * 2 1 * 
* * * * * 1 1 * * * * * *
         1 * * *         
          1 1 1          
           * 1           
            *            
600000 600000 0 2 1

#player 1 sent 12 10 8 14 -1 -1
            *            
           * *           
          * 2 *          
         * * * *         
* * * * * * 2 * * * * * *
 * * * 2 * 2 * * * * * * 
  3 3 * * 3 3 3 * 2 * *  
   3 3 * 2 3 3 * * 2 *   
    2 * * * * 1 1 * *    
   * * * * 3 3 * 2 3 3   
  * * * * 3 3 * * 3 3 3  
 * * * * * * 1 3 * 2 1 * 
* * * * * * 1 * * * * * *
         1 * * *         
          1 1 1          
           * 1           
            *            
600000 600000 0 2 2

#player 2 sent 6 18 8 20 -1 -1
            *            
           * *           
          * 2 *          
         * * * *         
* * * * * * 2 * * * * * *
 * * * 2 * 2 * * * * * * 
  3 3 * * 3 3 3 * * * *  
   3 3 * 2 3 3 * * 2 *   
    2 * * * * 1 1 * 2    
   * * * * 3 3 * 2 3 3   
  * * * * 3 3 * * 3 3 3  
 * * * * * * 1 3 * 2 1 * 
* * * * * * 1 * * * * * *
         1 * * *         
          1 1 1          
           * 1           
            *            
600000 600000 0 2 1

#player 1 sent 12 12 11 11 -1 -1
            *            
           * *           
          * 2 *          
         * * * *         
* * * * * * 2 * * * * * *
 * * * 2 * 2 * * * * * * 
  3 3 * * 3 3 3 * * * *  
   3 3 * 2 3 3 * * 2 *   
    2 * * * * 1 1 * 2    
   * * * * 3 3 * 2 3 3   
  * * * * 3 3 * * 3 3 3  
 * * * * * 1 1 3 * 2 1 * 
* * * * * * * * * * * * *
         1 * * *         
          1 1 1          
           * 1           
            *            
600000 600000 0 2 2

#player 2 sent 2 12 3 11 -1 -1
            *            
           * *           
          * * *          
         * 2 * *         
* * * * * * 2 * * * * * *
 * * * 2 * 2 * * * * * * 
  3 3 * * 3 3 3 * * * *  
   3 3 * 2 3 3 * * 2 *   
    2 * * * * 1 1 * 2    
   * * * * 3 3 * 2 3 3   
  * * * * 3 3 * * 3 3 3  
 * * * * * 1 1 3 * 2 1 * 
* * * * * * * * * * * * *
         1 * * *         
          1 1 1          
           * 1           
            *            
600000 600000 0 2 1

#player 1 sent 11 21 11 23 -1 -1
            *            
           * *           
          * * *          
         * 2 * *         
* * * * * * 2 * * * * * *
 * * * 2 * 2 * * * * * * 
  3 3 * * 3 3 3 * * * *  
   3 3 * 2 3 3 * * 2 *   
    2 * * * * 1 1 * 2    
   * * * * 3 3 * 2 3 3   
  * * * * 3 3 * * 3 3 3  
 * * * * * 1 1 3 * 2 * 1 
* * * * * * * * * * * * *
         1 * * *         
          1 1 1          
           * 1           
            *            
600000 600000 0 2 2

#player 2 sent 3 11 7 15 -1 -1
            *            
           * *           
          * * *          
         * * * *         
* * * * * * 2 * * * * * *
 * * * 2 * 2 * * * * * * 
  3 3 * * 3 3 3 * * * *  
   3 3 * 2 3 3 2 * 2 *   
    2 * * * * 1 1 * 2    
   * * * * 3 3 * 2 3 3   
  * * * * 3 3 * * 3 3 3  
 * * * * * 1 1 3 * 2 * 1 
* * * * * * * * * * * * *
         1 * * *         
          1 1 1          
           * 1           
            *            
600000 600000 0 2 1

#player 1 sent 11 13 10 14 -1 -1
            *            
           * *           
          * * *          
         * * * *         
* * * * * * 2 * * * * * *
 * * * 2 * 2 * * * * * * 
  3 3 * * 3 3 3 * * * *  
   3 3 * 2 3 3 2 * 2 *   
    2 * * * * 1 1 * 2    
   * * * * 3 3 * 2 3 3   
  * * * * 3 3 1 * 3 3 3  
 * * * * * 1 * 3 * 2 * 1 
* * * * * * * * * * * * *
         1 * * *         
          1 1 1          
           * 1           
            *            
600000 600000 0 2 2

#player 2 sent 4 12 5 13 -1 -1
            *            
           * *           
          * * *          
         * * * *         
* * * * * * * * * * * * *
 * * * 2 * 2 2 * * * * * 
  3 3 * * 3 3 3 * * * *  
   3 3 * 2 3 3 2 * 2 *   
    2 * * * * 1 1 * 2    
   * * * * 3 3 * 2 3 3   
  * * * * 3 3 1 * 3 3 3  
 * * * * * 1 * 3 * 2 * 1 
* * * * * * * * * * * * *
         1 * * *         
          1 1 1          
           * 1           
            *            
600000 600000 0 2 1

#player 1 sent 8 14 6 16 -1 -1
            *            
           * *           
          * * *          
         * * * *         
* * * * * * * * * * * * *
 * * * 2 * 2 2 * * * * * 
  3 3 * * 3 3 3 1 * * *  
   3 3 * 2 3 3 2 * 2 *   
    2 * * * * * 1 * 2    
   * * * * 3 3 * 2 3 3   
  * * * * 3 3 1 * 3 3 3  
 * * * * * 1 * 3 * 2 * 1 
* * * * * * * * * * * * *
         1 * * *         
          1 1 1          
           * 1           
            *            
600000 600000 0 2 2

#player 2 sent 5 11 11 13 -1 -1
            *            
           * *           
          * * *          
         * * * *         
* * * * * * * * * * * * *
 * * * 2 * * 2 * * * * * 
  3 3 * * 3 3 3 1 * * *  
   3 3 * 2 3 3 2 * 2 *   
    2 * * * * * 1 * 2    
   * * * * 3 3 * 2 3 3   
  * * * * 3 3 1 * 3 3 3  
 * * * * * 1 2 3 * 2 * 1 
* * * * * * * * * * * * *
         1 * * *         
          1 1 1          
           * 1           
            *            
600000 600000 0 2 1

#player 1 sent 14 10 12 8 -1 -1
            *            
           * *           
          * * *          
         * * * *         
* * * * * * * * * * * * *
 * * * 2 * * 2 * * * * * 
  3 3 * * 3 3 3 1 * * *  
   3 3 * 2 3 3 2 * 2 *   
    2 * * * * * 1 * 2    
   * * * * 3 3 * 2 3 3   
  * * * * 3 3 1 * 3 3 3  
 * * * * * 1 2 3 * 2 * 1 
* * * * 1 * * * * * * * *
         1 * * *         
          * 1 1          
           * 1           
            *            
600000 600000 0 2 2

#player 2 sent 7 9 9 15 -1 -1
            *            
           * *           
          * * *          
         * * * *         
* * * * * * * * * * * * *
 * * * 2 * * 2 * * * * * 
  3 3 * * 3 3 3 1 * * *  
   3 3 * * 3 3 2 * 2 *   
    2 * * * * * 1 * 2    
   * * * * 3 3 2 2 3 3   
  * * * * 3 3 1 * 3 3 3  
 * * * * * 1 2 3 * 2 * 1 
* * * * 1 * * * * * * * *
         1 * * *         
          * 1 1          
           * 1           
            *            
600000 600000 0 2 1

#player 1 sent 15 13 15 11 -1 -1
            *            
           * *           
          * * *          
         * * * *         
* * * * * * * * * * * * *
 * * * 2 * * 2 * * * * * 
  3 3 * * 3 3 3 1 * * *  
   3 3 * * 3 3 2 * 2 *   
    2 * * * * * 1 * 2    
   * * * * 3 3 2 2 3 3   
  * * * * 3 3 1 * 3 3 3  
 * * * * * 1 2 3 * 2 * 1 
* * * * 1 * * * * * * * *
         1 * * *         
          * 1 1          
           1 *           
            *            
600000 600000 0 2 2

#player 2 sent 5 7 6 8 -1 -1
            *            
           * *           
          * * *          
         * * * *         
* * * * * * * * * * * * *
 * * * * * * 2 * * * * * 
  3 3 * 2 3 3 3 1 * * *  
   3 3 * * 3 3 2 * 2 *   
    2 * * * * * 1 * 2    
   * * * * 3 3 2 2 3 3   
  * * * * 3 3 1 * 3 3 3  
 * * * * * 1 2 3 * 2 * 1 
* * * * 1 * * * * * * * *
         1 * * *         
          * 1 1          
           1 *           
            *            
600000 600000 0 2 1

#player 1 sent 15 11 15 13 -1 -1
            *            
           * *           
          * * *          
         * * * *         
* * * * * * * * * * * * *
 * * * * * * 2 * * * * * 
  3 3 * 2 3 3 3 1 * * *  
   3 3 * * 3 3 2 * 2 *   
    2 * * * * * 1 * 2    
   * * * * 3 3 2 2 3 3   
  * * * * 3 3 1 * 3 3 3  
 * * * * * 1 2 3 * 2 * 1 
* * * * 1 * * * * * * * *
         1 * * *         
          * 1 1          
           * 1           
            *            
600000 600000 0 2 2

#player 2 sent 6 8 7 9 -1 -1
            *            
           * *           
          * * *          
         * * * *         
* * * * * * * * * * * * *
 * * * * * * 2 * * * * * 
  3 3 * * 3 3 3 1 * * *  
   3 3 * 2 3 3 2 * 2 *   
    2 * * * * * 1 * 2    
   * * * * 3 3 2 2 3 3   
  * * * * 3 3 1 * 3 3 3  
 * * * * * 1 2 3 * 2 * 1 
* * * * 1 * * * * * * * *
         1 * * *         
          * 1 1          
           * 1           
            *            
600000 600000 0 2 1

#player 1 sent 11 23 11 21 -1 -1
            *            
           * *           
          * * *          
         * * * *         
* * * * * * * * * * * * *
 * * * * * * 2 * * * * * 
  3 3 * * 3 3 3 1 * * *  
   3 3 * 2 3 3 2 * 2 *   
    2 * * * * * 1 * 2    
   * * * * 3 3 2 2 3 3   
  * * * * 3 3 1 * 3 3 3  
 * * * * * 1 2 3 * 2 1 * 
* * * * 1 * * * * * * * *
         1 * * *         
          * 1 1          
           * 1           
            *            
600000 600000 0 2 2

#player 2 sent 7 15 8 14 -1 -1
            *            
           * *           
          * * *          
         * * * *         
* * * * * * * * * * * * *
 * * * * * * 2 * * * * * 
  3 3 * * 3 3 3 1 * * *  
   3 3 * 2 3 3 * * 2 *   
    2 * * * * 2 1 * 2    
   * * * * 3 3 2 2 3 3   
  * * * * 3 3 1 * 3 3 3  
 * * * * * 1 2 3 * 2 1 * 
* * * * 1 * * * * * * * *
         1 * * *         
          * 1 1          
           * 1           
            *            
600000 600000 0 2 1

#player 1 sent 13 9 11 7 -1 -1
            *            
           * *           
          * * *          
         * * * *         
* * * * * * * * * * * * *
 * * * * * * 2 * * * * * 
  3 3 * * 3 3 3 1 * * *  
   3 3 * 2 3 3 * * 2 *   
    2 * * * * 2 1 * 2    
   * * * * 3 3 2 2 3 3   
  * * * * 3 3 1 * 3 3 3  
 * * * 1 * 1 2 3 * 2 1 * 
* * * * 1 * * * * * * * *
         * * * *         
          * 1 1          
           * 1           
            *            
600000 600000 0 2 2

#player 2 sent 8 14 12 14 -1 -1
            *            
           * *           
          * * *          
         * * * *         
* * * * * * * * * * * * *
 * * * * * * 2 * * * * * 
  3 3 * * 3 3 3 1 * * *  
   3 3 * 2 3 3 * * 2 *   
    2 * * * * * 1 * 2    
   * * * * 3 3 2 2 3 3   
  * * * * 3 3 1 * 3 3 3  
 * * * 1 * 1 2 3 * 2 1 * 
* * * * 1 * * 2 * * * * *
         * * * *         
          * 1 1          
           * 1           
            *            
600000 600000 0 2 1

#player 1 sent 8 16 8 14 -1 -1
            *            
           * *           
          * * *          
         * * * *         
* * * * * * * * * * * * *
 * * * * * * 2 * * * * * 
  3 3 * * 3 3 3 1 * * *  
   3 3 * 2 3 3 * * 2 *   
    2 * * * * 1 * * 2    
   * * * * 3 3 2 2 3 3   
  * * * * 3 3 1 * 3 3 3  
 * * * 1 * 1 2 3 * 2 1 * 
* * * * 1 * * 2 * * * * *
         * * * *         
          * 1 1          
           * 1           
            *            
600000 600000 0 2 2

#player 2 sent 5 13 7 15 -1 -1
            *            
           * *           
          * * *          
         * * * *         
* * * * * * * * * * * * *
 * * * * * * * * * * * * 
  3 3 * * 3 3 3 1 * * *  
   3 3 * 2 3 3 2 * 2 *   
    2 * * * * 1 * * 2    
   * * * * 3 3 2 2 3 3   
  * * * * 3 3 1 * 3 3 3  
 * * * 1 * 1 2 3 * 2 1 * 
* * * * 1 * * 2 * * * * *
         * * * *         
          * 1 1          
           * 1           
            *            
600000 600000 0 2 1

#player 1 sent 11 7 11 5 -1 -1
            *            
           * *           
          * * *          
         * * * *         
* * * * * * * * * * * * *
 * * * * * * * * * * * * 
  3 3 * * 3 3 3 1 * * *  
   3 3 * 2 3 3 2 * 2 *   
    2 * * * * 1 * * 2    
   * * * * 3 3 2 2 3 3   
  * * * * 3 3 1 * 3 3 3  
 * * 1 * * 1 2 3 * 2 1 * 
* * * * 1 * * 2 * * * * *
         * * * *         
          * 1 1          
           * 1           
            *            
600000 600000 0 2 2

#player 2 sent 11 13 13 15 -1 -1
            *            
           * *           
          * * *          
         * * * *         
* * * * * * * * * * * * *
 * * * * * * * * * * * * 
  3 3 * * 3 3 3 1 * * *  
   3 3 * 2 3 3 2 * 2 *   
    2 * * * * 1 * * 2    
   * * * * 3 3 2 2 3 3   
  * * * * 3 3 1 * 3 3 3  
 * * 1 * * 1 * 3 * 2 1 * 
* * * * 1 * * 2 * * * * *
         * * * 2         
          * 1 1          
           * 1           
            *            
600000 600000 0 2 1

#player 1 sent 6 16 5 15 -1 -1
            *            
           * *           
          * * *          
         * * * *         
* * * * * * * * * * * * *
 * * * * * * * 1 * * * * 
  3 3 * * 3 3 3 * * * *  
   3 3 * 2 3 3 2 * 2 *   
    2 * * * * 1 * * 2    
   * * * * 3 3 2 2 3 3   
  * * * * 3 3 1 * 3 3 3  
 * * 1 * * 1 * 3 * 2 1 * 
* * * * 1 * * 2 * * * * *
         * * * 2         
          * 1 1          
           * 1           
            *            
600000 600000 0 2 2

#player 2 sent 9 15 11 13 -1 -1
            *            
           * *           
          * * *          
         * * * *         
* * * * * * * * * * * * *
 * * * * * * * 1 * * * * 
  3 3 * * 3 3 3 * * * *  
   3 3 * 2 3 3 2 * 2 *   
    2 * * * * 1 * * 2    
   * * * * 3 3 * 2 3 3   
  * * * * 3 3 1 * 3 3 3  
 * * 1 * * 1 2 3 * 2 1 * 
* * * * 1 * * 2 * * * * *
         * * * 2         
          * 1 1          
           * 1           
            *            
600000 600000 0 2 1

#player 1 sent 10 14 8 16 -1 -1
            *            
           * *           
          * * *          
         * * * *         
* * * * * * * * * * * * *
 * * * * * * * 1 * * * * 
  3 3 * * 3 3 3 * * * *  
   3 3 * 2 3 3 2 * 2 *   
    2 * * * * 1 1 * 2    
   * * * * 3 3 * 2 3 3   
  * * * * 3 3 * * 3 3 3  
 * * 1 * * 1 2 3 * 2 1 * 
* * * * 1 * * 2 * * * * *
         * * * 2         
          * 1 1          
           * 1           
            *            
600000 600000 0 2 2

#player 2 sent 7 9 8 10 -1 -1
            *            
           * *           
          * * *          
         * * * *         
* * * * * * * * * * * * *
 * * * * * * * 1 * * * * 
  3 3 * * 3 3 3 * * * *  
   3 3 * * 3 3 2 * 2 *   
    2 * * 2 * 1 1 * 2    
   * * * * 3 3 * 2 3 3   
  * * * * 3 3 * * 3 3 3  
 * * 1 * * 1 2 3 * 2 1 * 
* * * * 1 * * 2 * * * * *
         * * * 2         
          * 1 1          
           * 1           
            *            
600000 600000 0 2 1

#player 1 sent 11 5 11 3 -1 -1
            *            
           * *           
          * * *          
         * * * *         
* * * * * * * * * * * * *
 * * * * * * * 1 * * * * 
  3 3 * * 3 3 3 * * * *  
   3 3 * * 3 3 2 * 2 *   
    2 * * 2 * 1 1 * 2    
   * * * * 3 3 * 2 3 3   
  * * * * 3 3 * * 3 3 3  
 * 1 * * * 1 2 3 * 2 1 * 
* * * * 1 * * 2 * * * * *
         * * * 2         
          * 1 1          
           * 1           
            *            
600000 600000 0 2 2

#player 2 sent 7 19 8 18 -1 -1
            *            
           * *           
          * * *          
         * * * *         
* * * * * * * * * * * * *
 * * * * * * * 1 * * * * 
  3 3 * * 3 3 3 * * * *  
   3 3 * * 3 3 2 * * *   
    2 * * 2 * 1 1 2 2    
   * * * * 3 3 * 2 3 3   
  * * * * 3 3 * * 3 3 3  
 * 1 * * * 1 2 3 * 2 1 * 
* * * * 1 * * 2 * * * * *
         * * * 2         
          * 1 1          
           * 1           
            *            
600000 600000 0 2 1

#player 1 sent 14 14 14 10 -1 -1
            *            
           * *           
          * * *          
         * * * *         
* * * * * * * * * * * * *
 * * * * * * * 1 * * * * 
  3 3 * * 3 3 3 * * * *  
   3 3 * * 3 3 2 * * *   
    2 * * 2 * 1 1 2 2    
   * * * * 3 3 * 2 3 3   
  * * * * 3 3 * * 3 3 3  
 * 1 * * * 1 2 3 * 2 1 * 
* * * * 1 * * 2 * * * * *
         * * * 2         
          1 1 *          
           * 1           
            *            
600000 600000 0 2 2

#player 2 sent 8 18 10 16 -1 -1
            *            
           * *           
          * * *          
         * * * *         
* * * * * * * * * * * * *
 * * * * * * * 1 * * * * 
  3 3 * * 3 3 3 * * * *  
   3 3 * * 3 3 2 * * *   
    2 * * 2 * 1 1 * 2    
   * * * * 3 3 * 2 3 3   
  * * * * 3 3 * 2 3 3 3  
 * 1 * * * 1 2 3 * 2 1 * 
* * * * 1 * * 2 * * * * *
         * * * 2         
          1 1 *          
           * 1           
            *            
600000 600000 0 2 1

#player 1 sent 8 16 8 8 -1 -1
            *            
           * *           
          * * *          
         * * * *         
* * * * * * * * * * * * *
 * * * * * * * 1 * * * * 
  3 3 * * 3 3 3 * * * *  
   3 3 * * 3 3 2 * * *   
    2 * 1 2 * 1 * * 2    
   * * * * 3 3 * 2 3 3   
  * * * * 3 3 * 2 3 3 3  
 * 1 * * * 1 2 3 * 2 1 * 
* * * * 1 * * 2 * * * * *
         * * * 2         
          1 1 *          
           * 1           
            *            
600000 600000 0 2 2

#player 2 sent 7 15 8 16 -1 -1
            *            
           * *           
          * * *          
         * * * *         
* * * * * * * * * * * * *
 * * * * * * * 1 * * * * 
  3 3 * * 3 3 3 * * * *  
   3 3 * * 3 3 * * * *   
    2 * 1 2 * 1 2 * 2    
   * * * * 3 3 * 2 3 3   
  * * * * 3 3 * 2 3 3 3  
 * 1 * * * 1 2 3 * 2 1 * 
* * * * 1 * * 2 * * * * *
         * * * 2         
          1 1 *          
           * 1           
            *            
600000 600000 0 2 1

#player 1 sent 8 14 7 15 -1 -1
            *            
           * *           
          * * *          
         * * * *         
* * * * * * * * * * * * *
 * * * * * * * 1 * * * * 
  3 3 * * 3 3 3 * * * *  
   3 3 * * 3 3 1 * * *   
    2 * 1 2 * * 2 * 2    
   * * * * 3 3 * 2 3 3   
  * * * * 3 3 * 2 3 3 3  
 * 1 * * * 1 2 3 * 2 1 * 
* * * * 1 * * 2 * * * * *
         * * * 2         
          1 1 *          
           * 1           
            *            
600000 600000 0 2 2

#player 2 sent 8 10 9 9 -1 -1
            *            
           * *           
          * * *          
         * * * *         
* * * * * * * * * * * * *
 * * * * * * * 1 * * * * 
  3 3 * * 3 3 3 * * * *  
   3 3 * * 3 3 1 * * *   
    2 * 1 * * * 2 * 2    
   * * * 2 3 3 * 2 3 3   
  * * * * 3 3 * 2 3 3 3  
 * 1 * * * 1 2 3 * 2 1 * 
* * * * 1 * * 2 * * * * *
         * * * 2         
          1 1 *          
           * 1           
            *            
600000 600000 0 2 1

#player 1 sent 11 21 7 17 -1 -1
            *            
           * *           
          * * *          
         * * * *         
* * * * * * * * * * * * *
 * * * * * * * 1 * * * * 
  3 3 * * 3 3 3 * * * *  
   3 3 * * 3 3 1 1 * *   
    2 * 1 * * * 2 * 2    
   * * * 2 3 3 * 2 3 3   
  * * * * 3 3 * 2 3 3 3  
 * 1 * * * 1 2 3 * 2 * * 
* * * * 1 * * 2 * * * * *
         * * * 2         
          1 1 *          
           * 1           
            *            
600000 600000 0 2 2

#player 2 sent 8 16 9 15 -1 -1
            *            
           * *           
          * * *          
         * * * *         
* * * * * * * * * * * * *
 * * * * * * * 1 * * * * 
  3 3 * * 3 3 3 * * * *  
   3 3 * * 3 3 1 1 * *   
    2 * 1 * * * * * 2    
   * * * 2 3 3 2 2 3 3   
  * * * * 3 3 * 2 3 3 3  
 * 1 * * * 1 2 3 * 2 * * 
* * * * 1 * * 2 * * * * *
         * * * 2         
          1 1 *          
           * 1           
            *            
600000 600000 0 2 1

#player 1 sent 5 15 5 13 -1 -1
            *            
           * *           
          * * *          
         * * * *         
* * * * * * * * * * * * *
 * * * * * * 1 * * * * * 
  3 3 * * 3 3 3 * * * *  
   3 3 * * 3 3 1 1 * *   
    2 * 1 * * * * * 2    
   * * * 2 3 3 2 2 3 3   
  * * * * 3 3 * 2 3 3 3  
 * 1 * * * 1 2 3 * 2 * * 
* * * * 1 * * 2 * * * * *
         * * * 2         
          1 1 *          
           * 1           
            *            
600000 600000 0 2 2

#player 2 sent 9 15 11 17 -1 -1
            *            
           * *           
          * * *          
         * * * *         
* * * * * * * * * * * * *
 * * * * * * 1 * * * * * 
  3 3 * * 3 3 3 * * * *  
   3 3 * * 3 3 1 1 * *   
    2 * 1 * * * * * 2    
   * * * 2 3 3 * 2 3 3   
  * * * * 3 3 * 2 3 3 3  
 * 1 * * * 1 2 3 2 2 * * 
* * * * 1 * * 2 * * * * *
         * * * 2         
          1 1 *          
           * 1           
            *            
600000 600000 0 2 1

#player 1 sent 15 13 13 11 -1 -1
            *            
           * *           
          * * *          
         * * * *         
* * * * * * * * * * * * *
 * * * * * * 1 * * * * * 
  3 3 * * 3 3 3 * * * *  
   3 3 * * 3 3 1 1 * *   
    2 * 1 * * * * * 2    
   * * * 2 3 3 * 2 3 3   
  * * * * 3 3 * 2 3 3 3  
 * 1 * * * 1 2 3 2 2 * * 
* * * * 1 * * 2 * * * * *
         * 1 * 2         
          1 1 *          
           * *           
            *            
600000 600000 0 2 2

#player 2 sent 10 16 12 18 -1 -1
            *            
           * *           
          * * *          
         * * * *         
* * * * * * * * * * * * *
 * * * * * * 1 * * * * * 
  3 3 * * 3 3 3 * * * *  
   3 3 * * 3 3 1 1 * *   
    2 * 1 * * * * * 2    
   * * * 2 3 3 * 2 3 3   
  * * * * 3 3 * * 3 3 3  
 * 1 * * * 1 2 3 2 2 * * 
* * * * 1 * * 2 * 2 * * *
         * 1 * 2         
          1 1 *          
           * *           
            *            
600000 600000 0 2 1

#player 1 sent 7 17 6 18 -1 -1
            *            
           * *           
          * * *          
         * * * *         
* * * * * * * * * * * * *
 * * * * * * 1 * * * * * 
  3 3 * * 3 3 3 * 1 * *  
   3 3 * * 3 3 1 * * *   
    2 * 1 * * * * * 2    
   * * * 2 3 3 * 2 3 3   
  * * * * 3 3 * * 3 3 3  
 * 1 * * * 1 2 3 2 2 * * 
* * * * 1 * * 2 * 2 * * *
         * 1 * 2         
          1 1 *          
           * *           
            *            
600000 600000 0 2 2

#player 2 sent 8 4 9 5 -1 -1
            *            
           * *           
          * * *          
         * * * *         
* * * * * * * * * * * * *
 * * * * * * 1 * * * * * 
  3 3 * * 3 3 3 * 1 * *  
   3 3 * * 3 3 1 * * *   
    * * 1 * * * * * 2    
   * 2 * 2 3 3 * 2 3 3   
  * * * * 3 3 * * 3 3 3  
 * 1 * * * 1 2 3 2 2 * * 
* * * * 1 * * 2 * 2 * * *
         * 1 * 2         
          1 1 *          
           * *           
            *            
600000 600000 0 2 1

#player 1 sent 14 10 13 9 -1 -1
            *            
           * *           
          * * *          
         * * * *         
* * * * * * * * * * * * *
 * * * * * * 1 * * * * * 
  3 3 * * 3 3 3 * 1 * *  
   3 3 * * 3 3 1 * * *   
    * * 1 * * * * * 2    
   * 2 * 2 3 3 * 2 3 3   
  * * * * 3 3 * * 3 3 3  
 * 1 * * * 1 2 3 2 2 * * 
* * * * 1 * * 2 * 2 * * *
         1 1 * 2         
          * 1 *          
           * *           
            *            
600000 600000 0 2 2

#player 2 sent 9 17 10 16 -1 -1
            *            
           * *           
          * * *          
         * * * *         
* * * * * * * * * * * * *
 * * * * * * 1 * * * * * 
  3 3 * * 3 3 3 * 1 * *  
   3 3 * * 3 3 1 * * *   
    * * 1 * * * * * 2    
   * 2 * 2 3 3 * * 3 3   
  * * * * 3 3 * 2 3 3 3  
 * 1 * * * 1 2 3 2 2 * * 
* * * * 1 * * 2 * 2 * * *
         1 1 * 2         
          * 1 *          
           * *           
            *            
600000 600000 0 2 1

#player 1 sent 12 8 12 12 -1 -1
            *            
           * *           
          * * *          
         * * * *         
* * * * * * * * * * * * *
 * * * * * * 1 * * * * * 
  3 3 * * 3 3 3 * 1 * *  
   3 3 * * 3 3 1 * * *   
    * * 1 * * * * * 2    
   * 2 * 2 3 3 * * 3 3   
  * * * * 3 3 * 2 3 3 3  
 * 1 * * * 1 2 3 2 2 * * 
* * * * * * 1 2 * 2 * * *
         1 1 * 2         
          * 1 *          
           * *           
            *            
600000 600000 0 2 2

#player 2 sent 9 9 10 8 -1 -1
            *            
           * *           
          * * *          
         * * * *         
* * * * * * * * * * * * *
 * * * * * * 1 * * * * * 
  3 3 * * 3 3 3 * 1 * *  
   3 3 * * 3 3 1 * * *   
    * * 1 * * * * * 2    
   * 2 * * 3 3 * * 3 3   
  * * * 2 3 3 * 2 3 3 3  
 * 1 * * * 1 2 3 2 2 * * 
* * * * * * 1 2 * 2 * * *
         1 1 * 2         
          * 1 *          
           * *           
            *            
600000 600000 0 2 1

#player 1 sent 8 8 8 6 -1 -1
            *            
           * *           
          * * *          
         * * * *         
* * * * * * * * * * * * *
 * * * * * * 1 * * * * * 
  3 3 * * 3 3 3 * 1 * *  
   3 3 * * 3 3 1 * * *   
    * 1 * * * * * * 2    
   * 2 * * 3 3 * * 3 3   
  * * * 2 3 3 * 2 3 3 3  
 * 1 * * * 1 2 3 2 2 * * 
* * * * * * 1 2 * 2 * * *
         1 1 * 2         
          * 1 *          
           * *           
            *            
600000 600000 0 2 2

#player 2 sent 9 5 10 6 -1 -1
            *            
           * *           
          * * *          
         * * * *         
* * * * * * * * * * * * *
 * * * * * * 1 * * * * * 
  3 3 * * 3 3 3 * 1 * *  
   3 3 * * 3 3 1 * * *   
    * 1 * * * * * * 2    
   * * * * 3 3 * * 3 3   
  * * 2 2 3 3 * 2 3 3 3  
 * 1 * * * 1 2 3 2 2 * * 
* * * * * * 1 2 * 2 * * *
         1 1 * 2         
          * 1 *          
           * *           
            *            
600000 600000 0 2 1

#player 1 sent 11 11 9 5 -1 -1
            *            
           * *           
          * * *          
         * * * *         
* * * * * * * * * * * * *
 * * * * * * 1 * * * * * 
  3 3 * * 3 3 3 * 1 * *  
   3 3 * * 3 3 1 * * *   
    * 1 * * * * * * 2    
   * 1 * * 3 3 * * 3 3   
  * * 2 2 3 3 * 2 3 3 3  
 * 1 * * * * 2 3 2 2 * * 
* * * * * * 1 2 * 2 * * *
         1 1 * 2         
          * 1 *          
           * *           
            *            
600000 600000 0 2 2

#player 2 sent 10 8 12 2 -1 -1
            *            
           * *           
          * * *          
         * * * *         
* * * * * * * * * * * * *
 * * * * * * 1 * * * * * 
  3 3 * * 3 3 3 * 1 * *  
   3 3 * * 3 3 1 * * *   
    * 1 * * * * * * 2    
   * 1 * * 3 3 * * 3 3   
  * * 2 * 3 3 * 2 3 3 3  
 * 1 * * * * 2 3 2 2 * * 
* 2 * * * * 1 2 * 2 * * *
         1 1 * 2         
          * 1 *          
           * *           
            *            
600000 600000 0 2 1

#player 1 sent 5 13 5 15 -1 -1
            *            
           * *           
          * * *          
         * * * *         
* * * * * * * * * * * * *
 * * * * * * * 1 * * * * 
  3 3 * * 3 3 3 * 1 * *  
   3 3 * * 3 3 1 * * *   
    * 1 * * * * * * 2    
   * 1 * * 3 3 * * 3 3   
  * * 2 * 3 3 * 2 3 3 3  
 * 1 * * * * 2 3 2 2 * * 
* 2 * * * * 1 2 * 2 * * *
         1 1 * 2         
          * 1 *          
           * *           
            *            
600000 600000 0 2 2

#player 2 sent 10 6 11 7 -1 -1
            *            
           * *           
          * * *          
         * * * *         
* * * * * * * * * * * * *
 * * * * * * * 1 * * * * 
  3 3 * * 3 3 3 * 1 * *  
   3 3 * * 3 3 1 * * *   
    * 1 * * * * * * 2    
   * 1 * * 3 3 * * 3 3   
  * * * * 3 3 * 2 3 3 3  
 * 1 * 2 * * 2 3 2 2 * * 
* 2 * * * * 1 2 * 2 * * *
         1 1 * 2         
          * 1 *          
           * *           
            *            
600000 600000 0 2 1

#player 1 sent 8 6 8 4 -1 -1
            *            
           * *           
          * * *          
         * * * *         
* * * * * * * * * * * * *
 * * * * * * * 1 * * * * 
  3 3 * * 3 3 3 * 1 * *  
   3 3 * * 3 3 1 * * *   
    1 * * * * * * * 2    
   * 1 * * 3 3 * * 3 3   
  * * * * 3 3 * 2 3 3 3  
 * 1 * 2 * * 2 3 2 2 * * 
* 2 * * * * 1 2 * 2 * * *
         1 1 * 2         
          * 1 *          
           * *           
            *            
600000 600000 0 2 2

#player 2 sent 11 7 12 8 -1 -1
            *            
           * *           
          * * *          
         * * * *         
* * * * * * * * * * * * *
 * * * * * * * 1 * * * * 
  3 3 * * 3 3 3 * 1 * *  
   3 3 * * 3 3 1 * * *   
    1 * * * * * * * 2    
   * 1 * * 3 3 * * 3 3   
  * * * * 3 3 * 2 3 3 3  
 * 1 * * * * 2 3 2 2 * * 
* 2 * * 2 * 1 2 * 2 * * *
         1 1 * 2         
          * 1 *          
           * *           
            *            
600000 600000 0 2 1

#player 1 sent 11 3 10 2 -1 -1
            *            
           * *           
          * * *          
         * * * *         
* * * * * * * * * * * * *
 * * * * * * * 1 * * * * 
  3 3 * * 3 3 3 * 1 * *  
   3 3 * * 3 3 1 * * *   
    1 * * * * * * * 2    
   * 1 * * 3 3 * * 3 3   
  1 * * * 3 3 * 2 3 3 3  
 * * * * * * 2 3 2 2 * * 
* 2 * * 2 * 1 2 * 2 * * *
         1 1 * 2         
          * 1 *          
           * *           
            *            
600000 600000 0 2 2

#player 2 sent 12 8 14 14 -1 -1
            *            
           * *           
          * * *          
         * * * *         
* * * * * * * * * * * * *
 * * * * * * * 1 * * * * 
  3 3 * * 3 3 3 * 1 * *  
   3 3 * * 3 3 1 * * *   
    1 * * * * * * * 2    
   * 1 * * 3 3 * * 3 3   
  1 * * * 3 3 * 2 3 3 3  
 * * * * * * 2 3 2 2 * * 
* 2 * * * * 1 2 * 2 * * *
         1 1 * 2         
          * 1 2          
           * *           
            *            
600000 600000 0 2 1

#player 1 sent 14 12 12 10 -1 -1
            *            
           * *           
          * * *          
         * * * *         
* * * * * * * * * * * * *
 * * * * * * * 1 * * * * 
  3 3 * * 3 3 3 * 1 * *  
   3 3 * * 3 3 1 * * *   
    1 * * * * * * * 2    
   * 1 * * 3 3 * * 3 3   
  1 * * * 3 3 * 2 3 3 3  
 * * * * * * 2 3 2 2 * * 
* 2 * * * 1 1 2 * 2 * * *
         1 1 * 2         
          * * 2          
           * *           
            *            
600000 600000 0 2 2

#player 2 sent 13 15 15 13 -1 -1
            *            
           * *           
          * * *          
         * * * *         
* * * * * * * * * * * * *
 * * * * * * * 1 * * * * 
  3 3 * * 3 3 3 * 1 * *  
   3 3 * * 3 3 1 * * *   
    1 * * * * * * * 2    
   * 1 * * 3 3 * * 3 3   
  1 * * * 3 3 * 2 3 3 3  
 * * * * * * 2 3 2 2 * * 
* 2 * * * 1 1 2 * 2 * * *
         1 1 * *         
          * * 2          
           * 2           
            *            
600000 600000 0 2 1

#player 1 sent 13 9 13 13 -1 -1
            *            
           * *           
          * * *          
         * * * *         
* * * * * * * * * * * * *
 * * * * * * * 1 * * * * 
  3 3 * * 3 3 3 * 1 * *  
   3 3 * * 3 3 1 * * *   
    1 * * * * * * * 2    
   * 1 * * 3 3 * * 3 3   
  1 * * * 3 3 * 2 3 3 3  
 * * * * * * 2 3 2 2 * * 
* 2 * * * 1 1 2 * 2 * * *
         * 1 1 *         
          * * 2          
           * 2           
            *            
600000 600000 0 2 2

#player 2 sent 11 13 13 15 -1 -1
            *            
           * *           
          * * *          
         * * * *         
* * * * * * * * * * * * *
 * * * * * * * 1 * * * * 
  3 3 * * 3 3 3 * 1 * *  
   3 3 * * 3 3 1 * * *   
    1 * * * * * * * 2    
   * 1 * * 3 3 * * 3 3   
  1 * * * 3 3 * 2 3 3 3  
 * * * * * * * 3 2 2 * * 
* 2 * * * 1 1 2 * 2 * * *
         * 1 1 2         
          * * 2          
           * 2           
            *            
600000 600000 0 2 1

#player 1 sent 7 15 5 17 -1 -1
            *            
           * *           
          * * *          
         * * * *         
* * * * * * * * * * * * *
 * * * * * * * 1 1 * * * 
  3 3 * * 3 3 3 * 1 * *  
   3 3 * * 3 3 * * * *   
    1 * * * * * * * 2    
   * 1 * * 3 3 * * 3 3   
  1 * * * 3 3 * 2 3 3 3  
 * * * * * * * 3 2 2 * * 
* 2 * * * 1 1 2 * 2 * * *
         * 1 1 2         
          * * 2          
           * 2           
            *            
600000 600000 0 2 2

#player 2 sent 12 14 14 12 -1 -1
            *            
           * *           
          * * *          
         * * * *         
* * * * * * * * * * * * *
 * * * * * * * 1 1 * * * 
  3 3 * * 3 3 3 * 1 * *  
   3 3 * * 3 3 * * * *   
    1 * * * * * * * 2    
   * 1 * * 3 3 * * 3 3   
  1 * * * 3 3 * 2 3 3 3  
 * * * * * * * 3 2 2 * * 
* 2 * * * 1 1 * * 2 * * *
         * 1 1 2         
          * 2 2          
           * 2           
            *            
600000 600000 0 2 1

#player 1 sent 5 15 4 16 -1 -1
            *            
           * *           
          * * *          
         * * * *         
* * * * * * * * 1 * * * *
 * * * * * * * * 1 * * * 
  3 3 * * 3 3 3 * 1 * *  
   3 3 * * 3 3 * * * *   
    1 * * * * * * * 2    
   * 1 * * 3 3 * * 3 3   
  1 * * * 3 3 * 2 3 3 3  
 * * * * * * * 3 2 2 * * 
* 2 * * * 1 1 * * 2 * * *
         * 1 1 2         
          * 2 2          
           * 2           
            *            
600000 600000 0 2 2

#player 2 sent 10 16 12 14 -1 -1
            *            
           * *           
          * * *          
         * * * *         
* * * * * * * * 1 * * * *
 * * * * * * * * 1 * * * 
  3 3 * * 3 3 3 * 1 * *  
   3 3 * * 3 3 * * * *   
    1 * * * * * * * 2    
   * 1 * * 3 3 * * 3 3   
  1 * * * 3 3 * * 3 3 3  
 * * * * * * * 3 2 2 * * 
* 2 * * * 1 1 2 * 2 * * *
         * 1 1 2         
          * 2 2          
           * 2           
            *            
600000 600000 0 2 1

#player 1 sent 8 4 6 6 -1 -1
            *            
           * *           
          * * *          
         * * * *         
* * * * * * * * 1 * * * *
 * * * * * * * * 1 * * * 
  3 3 1 * 3 3 3 * 1 * *  
   3 3 * * 3 3 * * * *   
    * * * * * * * * 2    
   * 1 * * 3 3 * * 3 3   
  1 * * * 3 3 * * 3 3 3  
 * * * * * * * 3 2 2 * * 
* 2 * * * 1 1 2 * 2 * * *
         * 1 1 2         
          * 2 2          
           * 2           
            *            
600000 600000 0 2 2

#player 2 sent 14 14 16 12 -1 -1
            *            
           * *           
          * * *          
         * * * *         
* * * * * * * * 1 * * * *
 * * * * * * * * 1 * * * 
  3 3 1 * 3 3 3 * 1 * *  
   3 3 * * 3 3 * * * *   
    * * * * * * * * 2    
   * 1 * * 3 3 * * 3 3   
  1 * * * 3 3 * * 3 3 3  
 * * * * * * * 3 2 2 * * 
* 2 * * * 1 1 2 * 2 * * *
         * 1 1 2         
          * 2 *          
           * 2           
            2            
600000 600000 0 2 1

#player 1 sent 12 12 12 20 -1 -1
            *            
           * *           
          * * *          
         * * * *         
* * * * * * * * 1 * * * *
 * * * * * * * * 1 * * * 
  3 3 1 * 3 3 3 * 1 * *  
   3 3 * * 3 3 * * * *   
    * * * * * * * * 2    
   * 1 * * 3 3 * * 3 3   
  1 * * * 3 3 * * 3 3 3  
 * * * * * * * 3 2 2 * * 
* 2 * * * 1 * 2 * 2 1 * *
         * 1 1 2         
          * 2 *          
           * 2           
            2            
600000 600000 0 2 2

#player 2 sent 11 17 12 16 -1 -1
            *            
           * *           
          * * *          
         * * * *         
* * * * * * * * 1 * * * *
 * * * * * * * * 1 * * * 
  3 3 1 * 3 3 3 * 1 * *  
   3 3 * * 3 3 * * * *   
    * * * * * * * * 2    
   * 1 * * 3 3 * * 3 3   
  1 * * * 3 3 * * 3 3 3  
 * * * * * * * 3 * 2 * * 
* 2 * * * 1 * 2 2 2 1 * *
         * 1 1 2         
          * 2 *          
           * 2           
            2            
600000 600000 0 2 1

#player 1 sent 5 17 5 15 -1 -1
            *            
           * *           
          * * *          
         * * * *         
* * * * * * * * 1 * * * *
 * * * * * * * 1 * * * * 
  3 3 1 * 3 3 3 * 1 * *  
   3 3 * * 3 3 * * * *   
    * * * * * * * * 2    
   * 1 * * 3 3 * * 3 3   
  1 * * * 3 3 * * 3 3 3  
 * * * * * * * 3 * 2 * * 
* 2 * * * 1 * 2 2 2 1 * *
         * 1 1 2         
          * 2 *          
           * 2           
            2            
600000 600000 0 2 2

#player 2 sent 12 16 14 14 -1 -1
            *            
           * *           
          * * *          
         * * * *         
* * * * * * * * 1 * * * *
 * * * * * * * 1 * * * * 
  3 3 1 * 3 3 3 * 1 * *  
   3 3 * * 3 3 * * * *   
    * * * * * * * * 2    
   * 1 * * 3 3 * * 3 3   
  1 * * * 3 3 * * 3 3 3  
 * * * * * * * 3 * 2 * * 
* 2 * * * 1 * 2 * 2 1 * *
         * 1 1 2         
          * 2 2          
           * 2           
            2            
600000 600000 0 2 1

#player 1 sent 12 10 12 8 -1 -1
            *            
           * *           
          * * *          
         * * * *         
* * * * * * * * 1 * * * *
 * * * * * * * 1 * * * * 
  3 3 1 * 3 3 3 * 1 * *  
   3 3 * * 3 3 * * * *   
    * * * * * * * * 2    
   * 1 * * 3 3 * * 3 3   
  1 * * * 3 3 * * 3 3 3  
 * * * * * * * 3 * 2 * * 
* 2 * * 1 * * 2 * 2 1 * *
         * 1 1 2         
          * 2 2          
           * 2           
            2            
600000 600000 0 2 2

#player 2 sent 14 12 15 11 -1 -1
            *            
           * *           
          * * *          
         * * * *         
* * * * * * * * 1 * * * *
 * * * * * * * 1 * * * * 
  3 3 1 * 3 3 3 * 1 * *  
   3 3 * * 3 3 * * * *   
    * * * * * * * * 2    
   * 1 * * 3 3 * * 3 3   
  1 * * * 3 3 * * 3 3 3  
 * * * * * * * 3 * 2 * * 
* 2 * * 1 * * 2 * 2 1 * *
         * 1 1 2         
          * * 2          
           2 2           
            2            
600000 600000 0 2 1

#player 1 sent 6 18 6 16 -1 -1
            *            
           * *           
          * * *          
         * * * *         
* * * * * * * * 1 * * * *
 * * * * * * * 1 * * * * 
  3 3 1 * 3 3 3 1 * * *  
   3 3 * * 3 3 * * * *   
    * * * * * * * * 2    
   * 1 * * 3 3 * * 3 3   
  1 * * * 3 3 * * 3 3 3  
 * * * * * * * 3 * 2 * * 
* 2 * * 1 * * 2 * 2 1 * *
         * 1 1 2         
          * * 2          
           2 2           
            2            
600000 600000 0 2 2

#player 2 sent 12 14 14 12 -1 -1
            *            
           * *           
          * * *          
         * * * *         
* * * * * * * * 1 * * * *
 * * * * * * * 1 * * * * 
  3 3 1 * 3 3 3 1 * * *  
   3 3 * * 3 3 * * * *   
    * * * * * * * * 2    
   * 1 * * 3 3 * * 3 3   
  1 * * * 3 3 * * 3 3 3  
 * * * * * * * 3 * 2 * * 
* 2 * * 1 * * * * 2 1 * *
         * 1 1 2         
          * 2 2          
           2 2           
            2            
600000 600000 0 2 1

#player 1 sent 4 16 4 14 -1 -1
            *            
           * *           
          * * *          
         * * * *         
* * * * * * * 1 * * * * *
 * * * * * * * 1 * * * * 
  3 3 1 * 3 3 3 1 * * *  
   3 3 * * 3 3 * * * *   
    * * * * * * * * 2    
   * 1 * * 3 3 * * 3 3   
  1 * * * 3 3 * * 3 3 3  
 * * * * * * * 3 * 2 * * 
* 2 * * 1 * * * * 2 1 * *
         * 1 1 2         
          * 2 2          
           2 2           
            2            
600000 600000 0 2 2

#player 2 sent 8 20 8 18 -1 -1
            *            
           * *           
          * * *          
         * * * *         
* * * * * * * 1 * * * * *
 * * * * * * * 1 * * * * 
  3 3 1 * 3 3 3 1 * * *  
   3 3 * * 3 3 * * * *   
    * * * * * * * 2 *    
   * 1 * * 3 3 * * 3 3   
  1 * * * 3 3 * * 3 3 3  
 * * * * * * * 3 * 2 * * 
* 2 * * 1 * * * * 2 1 * *
         * 1 1 2         
          * 2 2          
           2 2           
            2            
600000 600000 0 2 1

#player 1 sent 13 13 13 9 -1 -1
            *            
           * *           
          * * *          
         * * * *         
* * * * * * * 1 * * * * *
 * * * * * * * 1 * * * * 
  3 3 1 * 3 3 3 1 * * *  
   3 3 * * 3 3 * * * *   
    * * * * * * * 2 *    
   * 1 * * 3 3 * * 3 3   
  1 * * * 3 3 * * 3 3 3  
 * * * * * * * 3 * 2 * * 
* 2 * * 1 * * * * 2 1 * *
         1 1 * 2         
          * 2 2          
           2 2           
            2            
600000 600000 0 2 2

#player 2 sent 8 18 9 17 -1 -1
            *            
           * *           
          * * *          
         * * * *         
* * * * * * * 1 * * * * *
 * * * * * * * 1 * * * * 
  3 3 1 * 3 3 3 1 * * *  
   3 3 * * 3 3 * * * *   
    * * * * * * * * *    
   * 1 * * 3 3 * 2 3 3   
  1 * * * 3 3 * * 3 3 3  
 * * * * * * * 3 * 2 * * 
* 2 * * 1 * * * * 2 1 * *
         1 1 * 2         
          * 2 2          
           2 2           
            2            
600000 600000 0 2 1

#player 1 sent 9 5 8 6 -1 -1
            *            
           * *           
          * * *          
         * * * *         
* * * * * * * 1 * * * * *
 * * * * * * * 1 * * * * 
  3 3 1 * 3 3 3 1 * * *  
   3 3 * * 3 3 * * * *   
    * 1 * * * * * * *    
   * * * * 3 3 * 2 3 3   
  1 * * * 3 3 * * 3 3 3  
 * * * * * * * 3 * 2 * * 
* 2 * * 1 * * * * 2 1 * *
         1 1 * 2         
          * 2 2          
           2 2           
            2            
600000 600000 0 2 2

#player 2 sent 9 17 10 16 -1 -1
            *            
           * *           
          * * *          
         * * * *         
* * * * * * * 1 * * * * *
 * * * * * * * 1 * * * * 
  3 3 1 * 3 3 3 1 * * *  
   3 3 * * 3 3 * * * *   
    * 1 * * * * * * *    
   * * * * 3 3 * * 3 3   
  1 * * * 3 3 * 2 3 3 3  
 * * * * * * * 3 * 2 * * 
* 2 * * 1 * * * * 2 1 * *
         1 1 * 2         
          * 2 2          
           2 2           
            2            
600000 600000 0 2 1

#player 1 sent 6 6 5 7 -1 -1
            *            
           * *           
          * * *          
         * * * *         
* * * * * * * 1 * * * * *
 * * * 1 * * * 1 * * * * 
  3 3 * * 3 3 3 1 * * *  
   3 3 * * 3 3 * * * *   
    * 1 * * * * * * *    
   * * * * 3 3 * * 3 3   
  1 * * * 3 3 * 2 3 3 3  
 * * * * * * * 3 * 2 * * 
* 2 * * 1 * * * * 2 1 * *
         1 1 * 2         
          * 2 2          
           2 2           
            2            
600000 600000 0 2 2

#player 2 sent 10 16 12 14 -1 -1
            *            
           * *           
          * * *          
         * * * *         
* * * * * * * 1 * * * * *
 * * * 1 * * * 1 * * * * 
  3 3 * * 3 3 3 1 * * *  
   3 3 * * 3 3 * * * *   
    * 1 * * * * * * *    
   * * * * 3 3 * * 3 3   
  1 * * * 3 3 * * 3 3 3  
 * * * * * * * 3 * 2 * * 
* 2 * * 1 * * 2 * 2 1 * *
         1 1 * 2         
          * 2 2          
           2 2           
            2            
600000 600000 0 2 1

#player 1 sent 12 20 12 22 -1 -1
            *            
           * *           
          * * *          
         * * * *         
* * * * * * * 1 * * * * *
 * * * 1 * * * 1 * * * * 
  3 3 * * 3 3 3 1 * * *  
   3 3 * * 3 3 * * * *   
    * 1 * * * * * * *    
   * * * * 3 3 * * 3 3   
  1 * * * 3 3 * * 3 3 3  
 * * * * * * * 3 * 2 * * 
* 2 * * 1 * * 2 * 2 * 1 *
         1 1 * 2         
          * 2 2          
           2 2           
            2            
600000 600000 0 2 2

#player 2 sent 11 19 12 20 -1 -1
            *            
           * *           
          * * *          
         * * * *         
* * * * * * * 1 * * * * *
 * * * 1 * * * 1 * * * * 
  3 3 * * 3 3 3 1 * * *  
   3 3 * * 3 3 * * * *   
    * 1 * * * * * * *    
   * * * * 3 3 * * 3 3   
  1 * * * 3 3 * * 3 3 3  
 * * * * * * * 3 * * * * 
* 2 * * 1 * * 2 * 2 2 1 *
         1 1 * 2         
          * 2 2          
           2 2           
            2            
600000 600000 0 2 1

#player 1 sent 4 14 3 13 -1 -1
            *            
           * *           
          * * *          
         * * 1 *         
* * * * * * * * * * * * *
 * * * 1 * * * 1 * * * * 
  3 3 * * 3 3 3 1 * * *  
   3 3 * * 3 3 * * * *   
    * 1 * * * * * * *    
   * * * * 3 3 * * 3 3   
  1 * * * 3 3 * * 3 3 3  
 * * * * * * * 3 * * * * 
* 2 * * 1 * * 2 * 2 2 1 *
         1 1 * 2         
          * 2 2          
           2 2           
            2            
600000 600000 0 2 2

#player 2 sent 12 20 14 10 -1 -1
            *            
           * *           
          * * *          
         * * 1 *         
* * * * * * * * * * * * *
 * * * 1 * * * 1 * * * * 
  3 3 * * 3 3 3 1 * * *  
   3 3 * * 3 3 * * * *   
    * 1 * * * * * * *    
   * * * * 3 3 * * 3 3   
  1 * * * 3 3 * * 3 3 3  
 * * * * * * * 3 * * * * 
* 2 * * 1 * * 2 * 2 * 1 *
         1 1 * 2         
          2 2 2          
           2 2           
            2            
600000 600000 0 2 1

#player 1 sent 5 7 5 5 -1 -1
            *            
           * *           
          * * *          
         * * 1 *         
* * * * * * * * * * * * *
 * * 1 * * * * 1 * * * * 
  3 3 * * 3 3 3 1 * * *  
   3 3 * * 3 3 * * * *   
    * 1 * * * * * * *    
   * * * * 3 3 * * 3 3   
  1 * * * 3 3 * * 3 3 3  
 * * * * * * * 3 * * * * 
* 2 * * 1 * * 2 * 2 * 1 *
         1 1 * 2         
          2 2 2          
           2 2           
            2            
600000 600000 0 2 2

#player 2 sent 12 14 13 13 -1 -1
            *            
           * *           
          * * *          
         * * 1 *         
* * * * * * * * * * * * *
 * * 1 * * * * 1 * * * * 
  3 3 * * 3 3 3 1 * * *  
   3 3 * * 3 3 * * * *   
    * 1 * * * * * * *    
   * * * * 3 3 * * 3 3   
  1 * * * 3 3 * * 3 3 3  
 * * * * * * * 3 * * * * 
* 2 * * 1 * * * * 2 * 1 *
         1 1 2 2         
          2 2 2          
           2 2           
            2            
600000 600000 0 2 1

#winner=2
#Time left for player1 is 599848 player 2 599987
